{"numFailedTestSuites":2,"numFailedTests":34,"numPassedTestSuites":1,"numPassedTests":36,"numPendingTestSuites":0,"numPendingTests":0,"numRuntimeErrorTestSuites":0,"numTodoTests":0,"numTotalTestSuites":3,"numTotalTests":70,"openHandles":[],"snapshot":{"added":0,"didUpdate":false,"failure":false,"filesAdded":0,"filesRemoved":0,"filesRemovedList":[],"filesUnmatched":0,"filesUpdated":0,"matched":0,"total":0,"unchecked":0,"uncheckedKeysByFile":[],"unmatched":0,"updated":0},"startTime":1778611696397,"success":false,"testResults":[{"assertionResults":[{"ancestorTitles":["Utility Functions Tests","Price Formatting"],"failureMessages":[],"fullName":"Utility Functions Tests Price Formatting should format whole number prices","location":null,"status":"passed","title":"should format whole number prices"},{"ancestorTitles":["Utility Functions Tests","Price Formatting"],"failureMessages":[],"fullName":"Utility Functions Tests Price Formatting should format decimal prices","location":null,"status":"passed","title":"should format decimal prices"},{"ancestorTitles":["Utility Functions Tests","Price Formatting"],"failureMessages":[],"fullName":"Utility Functions Tests Price Formatting should handle large prices","location":null,"status":"passed","title":"should handle large prices"},{"ancestorTitles":["Utility Functions Tests","Price Formatting"],"failureMessages":[],"fullName":"Utility Functions Tests Price Formatting should handle zero price","location":null,"status":"passed","title":"should handle zero price"},{"ancestorTitles":["Utility Functions Tests","Date Formatting"],"failureMessages":[],"fullName":"Utility Functions Tests Date Formatting should format date correctly","location":null,"status":"passed","title":"should format date correctly"},{"ancestorTitles":["Utility Functions Tests","Date Formatting"],"failureMessages":[],"fullName":"Utility Functions Tests Date Formatting should handle different date formats","location":null,"status":"passed","title":"should handle different date formats"},{"ancestorTitles":["Utility Functions Tests","String Validation"],"failureMessages":[],"fullName":"Utility Functions Tests String Validation should validate email","location":null,"status":"passed","title":"should validate email"},{"ancestorTitles":["Utility Functions Tests","String Validation"],"failureMessages":[],"fullName":"Utility Functions Tests String Validation should validate phone","location":null,"status":"passed","title":"should validate phone"},{"ancestorTitles":["Utility Functions Tests","Array Operations"],"failureMessages":[],"fullName":"Utility Functions Tests Array Operations should filter products by price","location":null,"status":"passed","title":"should filter products by price"},{"ancestorTitles":["Utility Functions Tests","Array Operations"],"failureMessages":[],"fullName":"Utility Functions Tests Array Operations should sort products by price","location":null,"status":"passed","title":"should sort products by price"},{"ancestorTitles":["Utility Functions Tests","Array Operations"],"failureMessages":[],"fullName":"Utility Functions Tests Array Operations should get unique categories","location":null,"status":"passed","title":"should get unique categories"},{"ancestorTitles":["Utility Functions Tests","Cart Calculations"],"failureMessages":[],"fullName":"Utility Functions Tests Cart Calculations should calculate subtotal","location":null,"status":"passed","title":"should calculate subtotal"},{"ancestorTitles":["Utility Functions Tests","Cart Calculations"],"failureMessages":[],"fullName":"Utility Functions Tests Cart Calculations should calculate tax","location":null,"status":"passed","title":"should calculate tax"},{"ancestorTitles":["Utility Functions Tests","Cart Calculations"],"failureMessages":[],"fullName":"Utility Functions Tests Cart Calculations should calculate total with discount","location":null,"status":"passed","title":"should calculate total with discount"},{"ancestorTitles":["Utility Functions Tests","String Manipulation"],"failureMessages":[],"fullName":"Utility Functions Tests String Manipulation should capitalize string","location":null,"status":"passed","title":"should capitalize string"},{"ancestorTitles":["Utility Functions Tests","String Manipulation"],"failureMessages":[],"fullName":"Utility Functions Tests String Manipulation should slugify string","location":null,"status":"passed","title":"should slugify string"},{"ancestorTitles":["Utility Functions Tests","String Manipulation"],"failureMessages":[],"fullName":"Utility Functions Tests String Manipulation should truncate string","location":null,"status":"passed","title":"should truncate string"},{"ancestorTitles":["Utility Functions Tests","Number Operations"],"failureMessages":[],"fullName":"Utility Functions Tests Number Operations should round price correctly","location":null,"status":"passed","title":"should round price correctly"},{"ancestorTitles":["Utility Functions Tests","Number Operations"],"failureMessages":[],"fullName":"Utility Functions Tests Number Operations should check if number is even","location":null,"status":"passed","title":"should check if number is even"},{"ancestorTitles":["Utility Functions Tests","Number Operations"],"failureMessages":[],"fullName":"Utility Functions Tests Number Operations should check if number is positive","location":null,"status":"passed","title":"should check if number is positive"},{"ancestorTitles":["Utility Functions Tests","Object Operations"],"failureMessages":[],"fullName":"Utility Functions Tests Object Operations should merge objects","location":null,"status":"passed","title":"should merge objects"},{"ancestorTitles":["Utility Functions Tests","Object Operations"],"failureMessages":[],"fullName":"Utility Functions Tests Object Operations should get object keys","location":null,"status":"passed","title":"should get object keys"},{"ancestorTitles":["Utility Functions Tests","Object Operations"],"failureMessages":[],"fullName":"Utility Functions Tests Object Operations should filter object","location":null,"status":"passed","title":"should filter object"}],"endTime":1778611701127,"message":"","name":"E:\\MERN_full_project\\ECommerceWebsite\\2\\mern-ecommerce\\frontend\\src\\__tests__\\utils.test.js","startTime":1778611697325,"status":"passed","summary":""},{"assertionResults":[{"ancestorTitles":["API Tests","Product API"],"failureMessages":[],"fullName":"API Tests Product API should fetch all products","location":null,"status":"passed","title":"should fetch all products"},{"ancestorTitles":["API Tests","Product API"],"failureMessages":[],"fullName":"API Tests Product API should fetch product by ID","location":null,"status":"passed","title":"should fetch product by ID"},{"ancestorTitles":["API Tests","Product API"],"failureMessages":[],"fullName":"API Tests Product API should handle API error","location":null,"status":"passed","title":"should handle API error"},{"ancestorTitles":["API Tests","Product API"],"failureMessages":[],"fullName":"API Tests Product API should create product","location":null,"status":"passed","title":"should create product"},{"ancestorTitles":["API Tests","Order API"],"failureMessages":[],"fullName":"API Tests Order API should fetch user orders","location":null,"status":"passed","title":"should fetch user orders"},{"ancestorTitles":["API Tests","Order API"],"failureMessages":[],"fullName":"API Tests Order API should create order","location":null,"status":"passed","title":"should create order"},{"ancestorTitles":["API Tests","Order API"],"failureMessages":[],"fullName":"API Tests Order API should update order status","location":null,"status":"passed","title":"should update order status"},{"ancestorTitles":["API Tests","Cart API"],"failureMessages":[],"fullName":"API Tests Cart API should get cart","location":null,"status":"passed","title":"should get cart"},{"ancestorTitles":["API Tests","Cart API"],"failureMessages":[],"fullName":"API Tests Cart API should add to cart","location":null,"status":"passed","title":"should add to cart"},{"ancestorTitles":["API Tests","Cart API"],"failureMessages":[],"fullName":"API Tests Cart API should remove from cart","location":null,"status":"passed","title":"should remove from cart"},{"ancestorTitles":["API Tests","Auth API"],"failureMessages":[],"fullName":"API Tests Auth API should login user","location":null,"status":"passed","title":"should login user"},{"ancestorTitles":["API Tests","Auth API"],"failureMessages":[],"fullName":"API Tests Auth API should register user","location":null,"status":"passed","title":"should register user"},{"ancestorTitles":["API Tests","Auth API"],"failureMessages":[],"fullName":"API Tests Auth API should logout user","location":null,"status":"passed","title":"should logout user"},{"ancestorTitles":["LocalStorage Tests"],"failureMessages":["ReferenceError: localStorage is not defined\n    at Object.<anonymous> (E:\\MERN_full_project\\ECommerceWebsite\\2\\mern-ecommerce\\frontend\\src\\__tests__\\api.test.js:133:5)\n    at Promise.then.completed (E:\\MERN_full_project\\ECommerceWebsite\\2\\mern-ecommerce\\frontend\\node_modules\\jest-circus\\build\\utils.js:391:28)\n    at new Promise (<anonymous>)\n    at callAsyncCircusFn (E:\\MERN_full_project\\ECommerceWebsite\\2\\mern-ecommerce\\frontend\\node_modules\\jest-circus\\build\\utils.js:316:10)\n    at _callCircusHook (E:\\MERN_full_project\\ECommerceWebsite\\2\\mern-ecommerce\\frontend\\node_modules\\jest-circus\\build\\run.js:181:40)\n    at processTicksAndRejections (node:internal/process/task_queues:105:5)\n    at _runTest (E:\\MERN_full_project\\ECommerceWebsite\\2\\mern-ecommerce\\frontend\\node_modules\\jest-circus\\build\\run.js:148:5)\n    at _runTestsForDescribeBlock (E:\\MERN_full_project\\ECommerceWebsite\\2\\mern-ecommerce\\frontend\\node_modules\\jest-circus\\build\\run.js:66:9)\n    at _runTestsForDescribeBlock (E:\\MERN_full_project\\ECommerceWebsite\\2\\mern-ecommerce\\frontend\\node_modules\\jest-circus\\build\\run.js:60:9)\n    at run (E:\\MERN_full_project\\ECommerceWebsite\\2\\mern-ecommerce\\frontend\\node_modules\\jest-circus\\build\\run.js:25:3)"],"fullName":"LocalStorage Tests should save token to localStorage","location":null,"status":"failed","title":"should save token to localStorage"},{"ancestorTitles":["LocalStorage Tests"],"failureMessages":["ReferenceError: localStorage is not defined\n    at Object.<anonymous> (E:\\MERN_full_project\\ECommerceWebsite\\2\\mern-ecommerce\\frontend\\src\\__tests__\\api.test.js:133:5)\n    at Promise.then.completed (E:\\MERN_full_project\\ECommerceWebsite\\2\\mern-ecommerce\\frontend\\node_modules\\jest-circus\\build\\utils.js:391:28)\n    at new Promise (<anonymous>)\n    at callAsyncCircusFn (E:\\MERN_full_project\\ECommerceWebsite\\2\\mern-ecommerce\\frontend\\node_modules\\jest-circus\\build\\utils.js:316:10)\n    at _callCircusHook (E:\\MERN_full_project\\ECommerceWebsite\\2\\mern-ecommerce\\frontend\\node_modules\\jest-circus\\build\\run.js:181:40)\n    at processTicksAndRejections (node:internal/process/task_queues:105:5)\n    at _runTest (E:\\MERN_full_project\\ECommerceWebsite\\2\\mern-ecommerce\\frontend\\node_modules\\jest-circus\\build\\run.js:148:5)\n    at _runTestsForDescribeBlock (E:\\MERN_full_project\\ECommerceWebsite\\2\\mern-ecommerce\\frontend\\node_modules\\jest-circus\\build\\run.js:66:9)\n    at _runTestsForDescribeBlock (E:\\MERN_full_project\\ECommerceWebsite\\2\\mern-ecommerce\\frontend\\node_modules\\jest-circus\\build\\run.js:60:9)\n    at run (E:\\MERN_full_project\\ECommerceWebsite\\2\\mern-ecommerce\\frontend\\node_modules\\jest-circus\\build\\run.js:25:3)"],"fullName":"LocalStorage Tests should save user data to localStorage","location":null,"status":"failed","title":"should save user data to localStorage"},{"ancestorTitles":["LocalStorage Tests"],"failureMessages":["ReferenceError: localStorage is not defined\n    at Object.<anonymous> (E:\\MERN_full_project\\ECommerceWebsite\\2\\mern-ecommerce\\frontend\\src\\__tests__\\api.test.js:133:5)\n    at Promise.then.completed (E:\\MERN_full_project\\ECommerceWebsite\\2\\mern-ecommerce\\frontend\\node_modules\\jest-circus\\build\\utils.js:391:28)\n    at new Promise (<anonymous>)\n    at callAsyncCircusFn (E:\\MERN_full_project\\ECommerceWebsite\\2\\mern-ecommerce\\frontend\\node_modules\\jest-circus\\build\\utils.js:316:10)\n    at _callCircusHook (E:\\MERN_full_project\\ECommerceWebsite\\2\\mern-ecommerce\\frontend\\node_modules\\jest-circus\\build\\run.js:181:40)\n    at processTicksAndRejections (node:internal/process/task_queues:105:5)\n    at _runTest (E:\\MERN_full_project\\ECommerceWebsite\\2\\mern-ecommerce\\frontend\\node_modules\\jest-circus\\build\\run.js:148:5)\n    at _runTestsForDescribeBlock (E:\\MERN_full_project\\ECommerceWebsite\\2\\mern-ecommerce\\frontend\\node_modules\\jest-circus\\build\\run.js:66:9)\n    at _runTestsForDescribeBlock (E:\\MERN_full_project\\ECommerceWebsite\\2\\mern-ecommerce\\frontend\\node_modules\\jest-circus\\build\\run.js:60:9)\n    at run (E:\\MERN_full_project\\ECommerceWebsite\\2\\mern-ecommerce\\frontend\\node_modules\\jest-circus\\build\\run.js:25:3)"],"fullName":"LocalStorage Tests should remove token from localStorage","location":null,"status":"failed","title":"should remove token from localStorage"},{"ancestorTitles":["LocalStorage Tests"],"failureMessages":["ReferenceError: localStorage is not defined\n    at Object.<anonymous> (E:\\MERN_full_project\\ECommerceWebsite\\2\\mern-ecommerce\\frontend\\src\\__tests__\\api.test.js:133:5)\n    at Promise.then.completed (E:\\MERN_full_project\\ECommerceWebsite\\2\\mern-ecommerce\\frontend\\node_modules\\jest-circus\\build\\utils.js:391:28)\n    at new Promise (<anonymous>)\n    at callAsyncCircusFn (E:\\MERN_full_project\\ECommerceWebsite\\2\\mern-ecommerce\\frontend\\node_modules\\jest-circus\\build\\utils.js:316:10)\n    at _callCircusHook (E:\\MERN_full_project\\ECommerceWebsite\\2\\mern-ecommerce\\frontend\\node_modules\\jest-circus\\build\\run.js:181:40)\n    at processTicksAndRejections (node:internal/process/task_queues:105:5)\n    at _runTest (E:\\MERN_full_project\\ECommerceWebsite\\2\\mern-ecommerce\\frontend\\node_modules\\jest-circus\\build\\run.js:148:5)\n    at _runTestsForDescribeBlock (E:\\MERN_full_project\\ECommerceWebsite\\2\\mern-ecommerce\\frontend\\node_modules\\jest-circus\\build\\run.js:66:9)\n    at _runTestsForDescribeBlock (E:\\MERN_full_project\\ECommerceWebsite\\2\\mern-ecommerce\\frontend\\node_modules\\jest-circus\\build\\run.js:60:9)\n    at run (E:\\MERN_full_project\\ECommerceWebsite\\2\\mern-ecommerce\\frontend\\node_modules\\jest-circus\\build\\run.js:25:3)"],"fullName":"LocalStorage Tests should clear all localStorage","location":null,"status":"failed","title":"should clear all localStorage"},{"ancestorTitles":["Session Storage Tests"],"failureMessages":["ReferenceError: sessionStorage is not defined\n    at Object.<anonymous> (E:\\MERN_full_project\\ECommerceWebsite\\2\\mern-ecommerce\\frontend\\src\\__tests__\\api.test.js:171:5)\n    at Promise.then.completed (E:\\MERN_full_project\\ECommerceWebsite\\2\\mern-ecommerce\\frontend\\node_modules\\jest-circus\\build\\utils.js:391:28)\n    at new Promise (<anonymous>)\n    at callAsyncCircusFn (E:\\MERN_full_project\\ECommerceWebsite\\2\\mern-ecommerce\\frontend\\node_modules\\jest-circus\\build\\utils.js:316:10)\n    at _callCircusHook (E:\\MERN_full_project\\ECommerceWebsite\\2\\mern-ecommerce\\frontend\\node_modules\\jest-circus\\build\\run.js:181:40)\n    at processTicksAndRejections (node:internal/process/task_queues:105:5)\n    at _runTest (E:\\MERN_full_project\\ECommerceWebsite\\2\\mern-ecommerce\\frontend\\node_modules\\jest-circus\\build\\run.js:148:5)\n    at _runTestsForDescribeBlock (E:\\MERN_full_project\\ECommerceWebsite\\2\\mern-ecommerce\\frontend\\node_modules\\jest-circus\\build\\run.js:66:9)\n    at _runTestsForDescribeBlock (E:\\MERN_full_project\\ECommerceWebsite\\2\\mern-ecommerce\\frontend\\node_modules\\jest-circus\\build\\run.js:60:9)\n    at run (E:\\MERN_full_project\\ECommerceWebsite\\2\\mern-ecommerce\\frontend\\node_modules\\jest-circus\\build\\run.js:25:3)"],"fullName":"Session Storage Tests should save data to sessionStorage","location":null,"status":"failed","title":"should save data to sessionStorage"},{"ancestorTitles":["Session Storage Tests"],"failureMessages":["ReferenceError: sessionStorage is not defined\n    at Object.<anonymous> (E:\\MERN_full_project\\ECommerceWebsite\\2\\mern-ecommerce\\frontend\\src\\__tests__\\api.test.js:171:5)\n    at Promise.then.completed (E:\\MERN_full_project\\ECommerceWebsite\\2\\mern-ecommerce\\frontend\\node_modules\\jest-circus\\build\\utils.js:391:28)\n    at new Promise (<anonymous>)\n    at callAsyncCircusFn (E:\\MERN_full_project\\ECommerceWebsite\\2\\mern-ecommerce\\frontend\\node_modules\\jest-circus\\build\\utils.js:316:10)\n    at _callCircusHook (E:\\MERN_full_project\\ECommerceWebsite\\2\\mern-ecommerce\\frontend\\node_modules\\jest-circus\\build\\run.js:181:40)\n    at processTicksAndRejections (node:internal/process/task_queues:105:5)\n    at _runTest (E:\\MERN_full_project\\ECommerceWebsite\\2\\mern-ecommerce\\frontend\\node_modules\\jest-circus\\build\\run.js:148:5)\n    at _runTestsForDescribeBlock (E:\\MERN_full_project\\ECommerceWebsite\\2\\mern-ecommerce\\frontend\\node_modules\\jest-circus\\build\\run.js:66:9)\n    at _runTestsForDescribeBlock (E:\\MERN_full_project\\ECommerceWebsite\\2\\mern-ecommerce\\frontend\\node_modules\\jest-circus\\build\\run.js:60:9)\n    at run (E:\\MERN_full_project\\ECommerceWebsite\\2\\mern-ecommerce\\frontend\\node_modules\\jest-circus\\build\\run.js:25:3)"],"fullName":"Session Storage Tests should retrieve data from sessionStorage","location":null,"status":"failed","title":"should retrieve data from sessionStorage"}],"endTime":1778611701618,"message":"\u001b[1m\u001b[31m  \u001b[1m● \u001b[22m\u001b[1mLocalStorage Tests › should save token to localStorage\u001b[39m\u001b[22m\n\n    ReferenceError: localStorage is not defined\n\u001b[2m\u001b[22m\n\u001b[2m    \u001b[0m \u001b[90m 131 |\u001b[39m describe(\u001b[32m'LocalStorage Tests'\u001b[39m\u001b[33m,\u001b[39m () \u001b[33m=>\u001b[39m {\u001b[22m\n\u001b[2m     \u001b[90m 132 |\u001b[39m   beforeEach(() \u001b[33m=>\u001b[39m {\u001b[22m\n\u001b[2m    \u001b[31m\u001b[1m>\u001b[22m\u001b[2m\u001b[39m\u001b[90m 133 |\u001b[39m     localStorage\u001b[33m.\u001b[39mclear()\u001b[33m;\u001b[39m\u001b[22m\n\u001b[2m     \u001b[90m     |\u001b[39m     \u001b[31m\u001b[1m^\u001b[22m\u001b[2m\u001b[39m\u001b[22m\n\u001b[2m     \u001b[90m 134 |\u001b[39m   })\u001b[33m;\u001b[39m\u001b[22m\n\u001b[2m     \u001b[90m 135 |\u001b[39m\u001b[22m\n\u001b[2m     \u001b[90m 136 |\u001b[39m   it(\u001b[32m'should save token to localStorage'\u001b[39m\u001b[33m,\u001b[39m () \u001b[33m=>\u001b[39m {\u001b[0m\u001b[22m\n\u001b[2m\u001b[22m\n\u001b[2m      \u001b[2mat Object.<anonymous> (\u001b[22m\u001b[2m\u001b[0m\u001b[36msrc/__tests__/api.test.js\u001b[39m\u001b[0m\u001b[2m:133:5)\u001b[22m\u001b[2m\u001b[22m\n\n\u001b[1m\u001b[31m  \u001b[1m● \u001b[22m\u001b[1mLocalStorage Tests › should save user data to localStorage\u001b[39m\u001b[22m\n\n    ReferenceError: localStorage is not defined\n\u001b[2m\u001b[22m\n\u001b[2m    \u001b[0m \u001b[90m 131 |\u001b[39m describe(\u001b[32m'LocalStorage Tests'\u001b[39m\u001b[33m,\u001b[39m () \u001b[33m=>\u001b[39m {\u001b[22m\n\u001b[2m     \u001b[90m 132 |\u001b[39m   beforeEach(() \u001b[33m=>\u001b[39m {\u001b[22m\n\u001b[2m    \u001b[31m\u001b[1m>\u001b[22m\u001b[2m\u001b[39m\u001b[90m 133 |\u001b[39m     localStorage\u001b[33m.\u001b[39mclear()\u001b[33m;\u001b[39m\u001b[22m\n\u001b[2m     \u001b[90m     |\u001b[39m     \u001b[31m\u001b[1m^\u001b[22m\u001b[2m\u001b[39m\u001b[22m\n\u001b[2m     \u001b[90m 134 |\u001b[39m   })\u001b[33m;\u001b[39m\u001b[22m\n\u001b[2m     \u001b[90m 135 |\u001b[39m\u001b[22m\n\u001b[2m     \u001b[90m 136 |\u001b[39m   it(\u001b[32m'should save token to localStorage'\u001b[39m\u001b[33m,\u001b[39m () \u001b[33m=>\u001b[39m {\u001b[0m\u001b[22m\n\u001b[2m\u001b[22m\n\u001b[2m      \u001b[2mat Object.<anonymous> (\u001b[22m\u001b[2m\u001b[0m\u001b[36msrc/__tests__/api.test.js\u001b[39m\u001b[0m\u001b[2m:133:5)\u001b[22m\u001b[2m\u001b[22m\n\n\u001b[1m\u001b[31m  \u001b[1m● \u001b[22m\u001b[1mLocalStorage Tests › should remove token from localStorage\u001b[39m\u001b[22m\n\n    ReferenceError: localStorage is not defined\n\u001b[2m\u001b[22m\n\u001b[2m    \u001b[0m \u001b[90m 131 |\u001b[39m describe(\u001b[32m'LocalStorage Tests'\u001b[39m\u001b[33m,\u001b[39m () \u001b[33m=>\u001b[39m {\u001b[22m\n\u001b[2m     \u001b[90m 132 |\u001b[39m   beforeEach(() \u001b[33m=>\u001b[39m {\u001b[22m\n\u001b[2m    \u001b[31m\u001b[1m>\u001b[22m\u001b[2m\u001b[39m\u001b[90m 133 |\u001b[39m     localStorage\u001b[33m.\u001b[39mclear()\u001b[33m;\u001b[39m\u001b[22m\n\u001b[2m     \u001b[90m     |\u001b[39m     \u001b[31m\u001b[1m^\u001b[22m\u001b[2m\u001b[39m\u001b[22m\n\u001b[2m     \u001b[90m 134 |\u001b[39m   })\u001b[33m;\u001b[39m\u001b[22m\n\u001b[2m     \u001b[90m 135 |\u001b[39m\u001b[22m\n\u001b[2m     \u001b[90m 136 |\u001b[39m   it(\u001b[32m'should save token to localStorage'\u001b[39m\u001b[33m,\u001b[39m () \u001b[33m=>\u001b[39m {\u001b[0m\u001b[22m\n\u001b[2m\u001b[22m\n\u001b[2m      \u001b[2mat Object.<anonymous> (\u001b[22m\u001b[2m\u001b[0m\u001b[36msrc/__tests__/api.test.js\u001b[39m\u001b[0m\u001b[2m:133:5)\u001b[22m\u001b[2m\u001b[22m\n\n\u001b[1m\u001b[31m  \u001b[1m● \u001b[22m\u001b[1mLocalStorage Tests › should clear all localStorage\u001b[39m\u001b[22m\n\n    ReferenceError: localStorage is not defined\n\u001b[2m\u001b[22m\n\u001b[2m    \u001b[0m \u001b[90m 131 |\u001b[39m describe(\u001b[32m'LocalStorage Tests'\u001b[39m\u001b[33m,\u001b[39m () \u001b[33m=>\u001b[39m {\u001b[22m\n\u001b[2m     \u001b[90m 132 |\u001b[39m   beforeEach(() \u001b[33m=>\u001b[39m {\u001b[22m\n\u001b[2m    \u001b[31m\u001b[1m>\u001b[22m\u001b[2m\u001b[39m\u001b[90m 133 |\u001b[39m     localStorage\u001b[33m.\u001b[39mclear()\u001b[33m;\u001b[39m\u001b[22m\n\u001b[2m     \u001b[90m     |\u001b[39m     \u001b[31m\u001b[1m^\u001b[22m\u001b[2m\u001b[39m\u001b[22m\n\u001b[2m     \u001b[90m 134 |\u001b[39m   })\u001b[33m;\u001b[39m\u001b[22m\n\u001b[2m     \u001b[90m 135 |\u001b[39m\u001b[22m\n\u001b[2m     \u001b[90m 136 |\u001b[39m   it(\u001b[32m'should save token to localStorage'\u001b[39m\u001b[33m,\u001b[39m () \u001b[33m=>\u001b[39m {\u001b[0m\u001b[22m\n\u001b[2m\u001b[22m\n\u001b[2m      \u001b[2mat Object.<anonymous> (\u001b[22m\u001b[2m\u001b[0m\u001b[36msrc/__tests__/api.test.js\u001b[39m\u001b[0m\u001b[2m:133:5)\u001b[22m\u001b[2m\u001b[22m\n\n\u001b[1m\u001b[31m  \u001b[1m● \u001b[22m\u001b[1mSession Storage Tests › should save data to sessionStorage\u001b[39m\u001b[22m\n\n    ReferenceError: sessionStorage is not defined\n\u001b[2m\u001b[22m\n\u001b[2m    \u001b[0m \u001b[90m 169 |\u001b[39m describe(\u001b[32m'Session Storage Tests'\u001b[39m\u001b[33m,\u001b[39m () \u001b[33m=>\u001b[39m {\u001b[22m\n\u001b[2m     \u001b[90m 170 |\u001b[39m   beforeEach(() \u001b[33m=>\u001b[39m {\u001b[22m\n\u001b[2m    \u001b[31m\u001b[1m>\u001b[22m\u001b[2m\u001b[39m\u001b[90m 171 |\u001b[39m     sessionStorage\u001b[33m.\u001b[39mclear()\u001b[33m;\u001b[39m\u001b[22m\n\u001b[2m     \u001b[90m     |\u001b[39m     \u001b[31m\u001b[1m^\u001b[22m\u001b[2m\u001b[39m\u001b[22m\n\u001b[2m     \u001b[90m 172 |\u001b[39m   })\u001b[33m;\u001b[39m\u001b[22m\n\u001b[2m     \u001b[90m 173 |\u001b[39m\u001b[22m\n\u001b[2m     \u001b[90m 174 |\u001b[39m   it(\u001b[32m'should save data to sessionStorage'\u001b[39m\u001b[33m,\u001b[39m () \u001b[33m=>\u001b[39m {\u001b[0m\u001b[22m\n\u001b[2m\u001b[22m\n\u001b[2m      \u001b[2mat Object.<anonymous> (\u001b[22m\u001b[2m\u001b[0m\u001b[36msrc/__tests__/api.test.js\u001b[39m\u001b[0m\u001b[2m:171:5)\u001b[22m\u001b[2m\u001b[22m\n\n\u001b[1m\u001b[31m  \u001b[1m● \u001b[22m\u001b[1mSession Storage Tests › should retrieve data from sessionStorage\u001b[39m\u001b[22m\n\n    ReferenceError: sessionStorage is not defined\n\u001b[2m\u001b[22m\n\u001b[2m    \u001b[0m \u001b[90m 169 |\u001b[39m describe(\u001b[32m'Session Storage Tests'\u001b[39m\u001b[33m,\u001b[39m () \u001b[33m=>\u001b[39m {\u001b[22m\n\u001b[2m     \u001b[90m 170 |\u001b[39m   beforeEach(() \u001b[33m=>\u001b[39m {\u001b[22m\n\u001b[2m    \u001b[31m\u001b[1m>\u001b[22m\u001b[2m\u001b[39m\u001b[90m 171 |\u001b[39m     sessionStorage\u001b[33m.\u001b[39mclear()\u001b[33m;\u001b[39m\u001b[22m\n\u001b[2m     \u001b[90m     |\u001b[39m     \u001b[31m\u001b[1m^\u001b[22m\u001b[2m\u001b[39m\u001b[22m\n\u001b[2m     \u001b[90m 172 |\u001b[39m   })\u001b[33m;\u001b[39m\u001b[22m\n\u001b[2m     \u001b[90m 173 |\u001b[39m\u001b[22m\n\u001b[2m     \u001b[90m 174 |\u001b[39m   it(\u001b[32m'should save data to sessionStorage'\u001b[39m\u001b[33m,\u001b[39m () \u001b[33m=>\u001b[39m {\u001b[0m\u001b[22m\n\u001b[2m\u001b[22m\n\u001b[2m      \u001b[2mat Object.<anonymous> (\u001b[22m\u001b[2m\u001b[0m\u001b[36msrc/__tests__/api.test.js\u001b[39m\u001b[0m\u001b[2m:171:5)\u001b[22m\u001b[2m\u001b[22m\n","name":"E:\\MERN_full_project\\ECommerceWebsite\\2\\mern-ecommerce\\frontend\\src\\__tests__\\api.test.js","startTime":1778611697353,"status":"failed","summary":""},{"assertionResults":[{"ancestorTitles":["Navbar Component"],"failureMessages":["ReferenceError: React is not defined\n    at Object.<anonymous> (E:\\MERN_full_project\\ECommerceWebsite\\2\\mern-ecommerce\\frontend\\src\\__tests__\\components.test.js:8:7)\n    at Promise.then.completed (E:\\MERN_full_project\\ECommerceWebsite\\2\\mern-ecommerce\\frontend\\node_modules\\jest-circus\\build\\utils.js:391:28)\n    at new Promise (<anonymous>)\n    at callAsyncCircusFn (E:\\MERN_full_project\\ECommerceWebsite\\2\\mern-ecommerce\\frontend\\node_modules\\jest-circus\\build\\utils.js:316:10)\n    at _callCircusTest (E:\\MERN_full_project\\ECommerceWebsite\\2\\mern-ecommerce\\frontend\\node_modules\\jest-circus\\build\\run.js:218:40)\n    at processTicksAndRejections (node:internal/process/task_queues:105:5)\n    at _runTest (E:\\MERN_full_project\\ECommerceWebsite\\2\\mern-ecommerce\\frontend\\node_modules\\jest-circus\\build\\run.js:155:3)\n    at _runTestsForDescribeBlock (E:\\MERN_full_project\\ECommerceWebsite\\2\\mern-ecommerce\\frontend\\node_modules\\jest-circus\\build\\run.js:66:9)\n    at _runTestsForDescribeBlock (E:\\MERN_full_project\\ECommerceWebsite\\2\\mern-ecommerce\\frontend\\node_modules\\jest-circus\\build\\run.js:60:9)\n    at run (E:\\MERN_full_project\\ECommerceWebsite\\2\\mern-ecommerce\\frontend\\node_modules\\jest-circus\\build\\run.js:25:3)"],"fullName":"Navbar Component should render navbar","location":null,"status":"failed","title":"should render navbar"},{"ancestorTitles":["Navbar Component"],"failureMessages":["ReferenceError: React is not defined\n    at Object.<anonymous> (E:\\MERN_full_project\\ECommerceWebsite\\2\\mern-ecommerce\\frontend\\src\\__tests__\\components.test.js:17:7)\n    at Promise.then.completed (E:\\MERN_full_project\\ECommerceWebsite\\2\\mern-ecommerce\\frontend\\node_modules\\jest-circus\\build\\utils.js:391:28)\n    at new Promise (<anonymous>)\n    at callAsyncCircusFn (E:\\MERN_full_project\\ECommerceWebsite\\2\\mern-ecommerce\\frontend\\node_modules\\jest-circus\\build\\utils.js:316:10)\n    at _callCircusTest (E:\\MERN_full_project\\ECommerceWebsite\\2\\mern-ecommerce\\frontend\\node_modules\\jest-circus\\build\\run.js:218:40)\n    at processTicksAndRejections (node:internal/process/task_queues:105:5)\n    at _runTest (E:\\MERN_full_project\\ECommerceWebsite\\2\\mern-ecommerce\\frontend\\node_modules\\jest-circus\\build\\run.js:155:3)\n    at _runTestsForDescribeBlock (E:\\MERN_full_project\\ECommerceWebsite\\2\\mern-ecommerce\\frontend\\node_modules\\jest-circus\\build\\run.js:66:9)\n    at _runTestsForDescribeBlock (E:\\MERN_full_project\\ECommerceWebsite\\2\\mern-ecommerce\\frontend\\node_modules\\jest-circus\\build\\run.js:60:9)\n    at run (E:\\MERN_full_project\\ECommerceWebsite\\2\\mern-ecommerce\\frontend\\node_modules\\jest-circus\\build\\run.js:25:3)"],"fullName":"Navbar Component should display logo","location":null,"status":"failed","title":"should display logo"},{"ancestorTitles":["Navbar Component"],"failureMessages":["ReferenceError: React is not defined\n    at Object.<anonymous> (E:\\MERN_full_project\\ECommerceWebsite\\2\\mern-ecommerce\\frontend\\src\\__tests__\\components.test.js:27:7)\n    at Promise.then.completed (E:\\MERN_full_project\\ECommerceWebsite\\2\\mern-ecommerce\\frontend\\node_modules\\jest-circus\\build\\utils.js:391:28)\n    at new Promise (<anonymous>)\n    at callAsyncCircusFn (E:\\MERN_full_project\\ECommerceWebsite\\2\\mern-ecommerce\\frontend\\node_modules\\jest-circus\\build\\utils.js:316:10)\n    at _callCircusTest (E:\\MERN_full_project\\ECommerceWebsite\\2\\mern-ecommerce\\frontend\\node_modules\\jest-circus\\build\\run.js:218:40)\n    at processTicksAndRejections (node:internal/process/task_queues:105:5)\n    at _runTest (E:\\MERN_full_project\\ECommerceWebsite\\2\\mern-ecommerce\\frontend\\node_modules\\jest-circus\\build\\run.js:155:3)\n    at _runTestsForDescribeBlock (E:\\MERN_full_project\\ECommerceWebsite\\2\\mern-ecommerce\\frontend\\node_modules\\jest-circus\\build\\run.js:66:9)\n    at _runTestsForDescribeBlock (E:\\MERN_full_project\\ECommerceWebsite\\2\\mern-ecommerce\\frontend\\node_modules\\jest-circus\\build\\run.js:60:9)\n    at run (E:\\MERN_full_project\\ECommerceWebsite\\2\\mern-ecommerce\\frontend\\node_modules\\jest-circus\\build\\run.js:25:3)"],"fullName":"Navbar Component should display navigation links","location":null,"status":"failed","title":"should display navigation links"},{"ancestorTitles":["Navbar Component"],"failureMessages":["ReferenceError: React is not defined\n    at Object.<anonymous> (E:\\MERN_full_project\\ECommerceWebsite\\2\\mern-ecommerce\\frontend\\src\\__tests__\\components.test.js:42:7)\n    at Promise.then.completed (E:\\MERN_full_project\\ECommerceWebsite\\2\\mern-ecommerce\\frontend\\node_modules\\jest-circus\\build\\utils.js:391:28)\n    at new Promise (<anonymous>)\n    at callAsyncCircusFn (E:\\MERN_full_project\\ECommerceWebsite\\2\\mern-ecommerce\\frontend\\node_modules\\jest-circus\\build\\utils.js:316:10)\n    at _callCircusTest (E:\\MERN_full_project\\ECommerceWebsite\\2\\mern-ecommerce\\frontend\\node_modules\\jest-circus\\build\\run.js:218:40)\n    at processTicksAndRejections (node:internal/process/task_queues:105:5)\n    at _runTest (E:\\MERN_full_project\\ECommerceWebsite\\2\\mern-ecommerce\\frontend\\node_modules\\jest-circus\\build\\run.js:155:3)\n    at _runTestsForDescribeBlock (E:\\MERN_full_project\\ECommerceWebsite\\2\\mern-ecommerce\\frontend\\node_modules\\jest-circus\\build\\run.js:66:9)\n    at _runTestsForDescribeBlock (E:\\MERN_full_project\\ECommerceWebsite\\2\\mern-ecommerce\\frontend\\node_modules\\jest-circus\\build\\run.js:60:9)\n    at run (E:\\MERN_full_project\\ECommerceWebsite\\2\\mern-ecommerce\\frontend\\node_modules\\jest-circus\\build\\run.js:25:3)"],"fullName":"Navbar Component should display search box","location":null,"status":"failed","title":"should display search box"},{"ancestorTitles":["Navbar Component"],"failureMessages":["ReferenceError: React is not defined\n    at Object.<anonymous> (E:\\MERN_full_project\\ECommerceWebsite\\2\\mern-ecommerce\\frontend\\src\\__tests__\\components.test.js:51:7)\n    at Promise.then.completed (E:\\MERN_full_project\\ECommerceWebsite\\2\\mern-ecommerce\\frontend\\node_modules\\jest-circus\\build\\utils.js:391:28)\n    at new Promise (<anonymous>)\n    at callAsyncCircusFn (E:\\MERN_full_project\\ECommerceWebsite\\2\\mern-ecommerce\\frontend\\node_modules\\jest-circus\\build\\utils.js:316:10)\n    at _callCircusTest (E:\\MERN_full_project\\ECommerceWebsite\\2\\mern-ecommerce\\frontend\\node_modules\\jest-circus\\build\\run.js:218:40)\n    at processTicksAndRejections (node:internal/process/task_queues:105:5)\n    at _runTest (E:\\MERN_full_project\\ECommerceWebsite\\2\\mern-ecommerce\\frontend\\node_modules\\jest-circus\\build\\run.js:155:3)\n    at _runTestsForDescribeBlock (E:\\MERN_full_project\\ECommerceWebsite\\2\\mern-ecommerce\\frontend\\node_modules\\jest-circus\\build\\run.js:66:9)\n    at _runTestsForDescribeBlock (E:\\MERN_full_project\\ECommerceWebsite\\2\\mern-ecommerce\\frontend\\node_modules\\jest-circus\\build\\run.js:60:9)\n    at run (E:\\MERN_full_project\\ECommerceWebsite\\2\\mern-ecommerce\\frontend\\node_modules\\jest-circus\\build\\run.js:25:3)"],"fullName":"Navbar Component should display cart icon with count","location":null,"status":"failed","title":"should display cart icon with count"},{"ancestorTitles":["Navbar Component"],"failureMessages":["ReferenceError: React is not defined\n    at Object.<anonymous> (E:\\MERN_full_project\\ECommerceWebsite\\2\\mern-ecommerce\\frontend\\src\\__tests__\\components.test.js:64:7)\n    at Promise.then.completed (E:\\MERN_full_project\\ECommerceWebsite\\2\\mern-ecommerce\\frontend\\node_modules\\jest-circus\\build\\utils.js:391:28)\n    at new Promise (<anonymous>)\n    at callAsyncCircusFn (E:\\MERN_full_project\\ECommerceWebsite\\2\\mern-ecommerce\\frontend\\node_modules\\jest-circus\\build\\utils.js:316:10)\n    at _callCircusTest (E:\\MERN_full_project\\ECommerceWebsite\\2\\mern-ecommerce\\frontend\\node_modules\\jest-circus\\build\\run.js:218:40)\n    at processTicksAndRejections (node:internal/process/task_queues:105:5)\n    at _runTest (E:\\MERN_full_project\\ECommerceWebsite\\2\\mern-ecommerce\\frontend\\node_modules\\jest-circus\\build\\run.js:155:3)\n    at _runTestsForDescribeBlock (E:\\MERN_full_project\\ECommerceWebsite\\2\\mern-ecommerce\\frontend\\node_modules\\jest-circus\\build\\run.js:66:9)\n    at _runTestsForDescribeBlock (E:\\MERN_full_project\\ECommerceWebsite\\2\\mern-ecommerce\\frontend\\node_modules\\jest-circus\\build\\run.js:60:9)\n    at run (E:\\MERN_full_project\\ECommerceWebsite\\2\\mern-ecommerce\\frontend\\node_modules\\jest-circus\\build\\run.js:25:3)"],"fullName":"Navbar Component should open mobile menu on button click","location":null,"status":"failed","title":"should open mobile menu on button click"},{"ancestorTitles":["ProductCard Component"],"failureMessages":["ReferenceError: React is not defined\n    at Object.<anonymous> (E:\\MERN_full_project\\ECommerceWebsite\\2\\mern-ecommerce\\frontend\\src\\__tests__\\components.test.js:86:7)\n    at Promise.then.completed (E:\\MERN_full_project\\ECommerceWebsite\\2\\mern-ecommerce\\frontend\\node_modules\\jest-circus\\build\\utils.js:391:28)\n    at new Promise (<anonymous>)\n    at callAsyncCircusFn (E:\\MERN_full_project\\ECommerceWebsite\\2\\mern-ecommerce\\frontend\\node_modules\\jest-circus\\build\\utils.js:316:10)\n    at _callCircusTest (E:\\MERN_full_project\\ECommerceWebsite\\2\\mern-ecommerce\\frontend\\node_modules\\jest-circus\\build\\run.js:218:40)\n    at processTicksAndRejections (node:internal/process/task_queues:105:5)\n    at _runTest (E:\\MERN_full_project\\ECommerceWebsite\\2\\mern-ecommerce\\frontend\\node_modules\\jest-circus\\build\\run.js:155:3)\n    at _runTestsForDescribeBlock (E:\\MERN_full_project\\ECommerceWebsite\\2\\mern-ecommerce\\frontend\\node_modules\\jest-circus\\build\\run.js:66:9)\n    at _runTestsForDescribeBlock (E:\\MERN_full_project\\ECommerceWebsite\\2\\mern-ecommerce\\frontend\\node_modules\\jest-circus\\build\\run.js:60:9)\n    at run (E:\\MERN_full_project\\ECommerceWebsite\\2\\mern-ecommerce\\frontend\\node_modules\\jest-circus\\build\\run.js:25:3)"],"fullName":"ProductCard Component should render product card","location":null,"status":"failed","title":"should render product card"},{"ancestorTitles":["ProductCard Component"],"failureMessages":["ReferenceError: React is not defined\n    at Object.<anonymous> (E:\\MERN_full_project\\ECommerceWebsite\\2\\mern-ecommerce\\frontend\\src\\__tests__\\components.test.js:97:7)\n    at Promise.then.completed (E:\\MERN_full_project\\ECommerceWebsite\\2\\mern-ecommerce\\frontend\\node_modules\\jest-circus\\build\\utils.js:391:28)\n    at new Promise (<anonymous>)\n    at callAsyncCircusFn (E:\\MERN_full_project\\ECommerceWebsite\\2\\mern-ecommerce\\frontend\\node_modules\\jest-circus\\build\\utils.js:316:10)\n    at _callCircusTest (E:\\MERN_full_project\\ECommerceWebsite\\2\\mern-ecommerce\\frontend\\node_modules\\jest-circus\\build\\run.js:218:40)\n    at processTicksAndRejections (node:internal/process/task_queues:105:5)\n    at _runTest (E:\\MERN_full_project\\ECommerceWebsite\\2\\mern-ecommerce\\frontend\\node_modules\\jest-circus\\build\\run.js:155:3)\n    at _runTestsForDescribeBlock (E:\\MERN_full_project\\ECommerceWebsite\\2\\mern-ecommerce\\frontend\\node_modules\\jest-circus\\build\\run.js:66:9)\n    at _runTestsForDescribeBlock (E:\\MERN_full_project\\ECommerceWebsite\\2\\mern-ecommerce\\frontend\\node_modules\\jest-circus\\build\\run.js:60:9)\n    at run (E:\\MERN_full_project\\ECommerceWebsite\\2\\mern-ecommerce\\frontend\\node_modules\\jest-circus\\build\\run.js:25:3)"],"fullName":"ProductCard Component should display product price","location":null,"status":"failed","title":"should display product price"},{"ancestorTitles":["ProductCard Component"],"failureMessages":["ReferenceError: React is not defined\n    at Object.<anonymous> (E:\\MERN_full_project\\ECommerceWebsite\\2\\mern-ecommerce\\frontend\\src\\__tests__\\components.test.js:106:7)\n    at Promise.then.completed (E:\\MERN_full_project\\ECommerceWebsite\\2\\mern-ecommerce\\frontend\\node_modules\\jest-circus\\build\\utils.js:391:28)\n    at new Promise (<anonymous>)\n    at callAsyncCircusFn (E:\\MERN_full_project\\ECommerceWebsite\\2\\mern-ecommerce\\frontend\\node_modules\\jest-circus\\build\\utils.js:316:10)\n    at _callCircusTest (E:\\MERN_full_project\\ECommerceWebsite\\2\\mern-ecommerce\\frontend\\node_modules\\jest-circus\\build\\run.js:218:40)\n    at processTicksAndRejections (node:internal/process/task_queues:105:5)\n    at _runTest (E:\\MERN_full_project\\ECommerceWebsite\\2\\mern-ecommerce\\frontend\\node_modules\\jest-circus\\build\\run.js:155:3)\n    at _runTestsForDescribeBlock (E:\\MERN_full_project\\ECommerceWebsite\\2\\mern-ecommerce\\frontend\\node_modules\\jest-circus\\build\\run.js:66:9)\n    at _runTestsForDescribeBlock (E:\\MERN_full_project\\ECommerceWebsite\\2\\mern-ecommerce\\frontend\\node_modules\\jest-circus\\build\\run.js:60:9)\n    at run (E:\\MERN_full_project\\ECommerceWebsite\\2\\mern-ecommerce\\frontend\\node_modules\\jest-circus\\build\\run.js:25:3)"],"fullName":"ProductCard Component should display product rating","location":null,"status":"failed","title":"should display product rating"},{"ancestorTitles":["ProductCard Component"],"failureMessages":["ReferenceError: React is not defined\n    at Object.<anonymous> (E:\\MERN_full_project\\ECommerceWebsite\\2\\mern-ecommerce\\frontend\\src\\__tests__\\components.test.js:115:7)\n    at Promise.then.completed (E:\\MERN_full_project\\ECommerceWebsite\\2\\mern-ecommerce\\frontend\\node_modules\\jest-circus\\build\\utils.js:391:28)\n    at new Promise (<anonymous>)\n    at callAsyncCircusFn (E:\\MERN_full_project\\ECommerceWebsite\\2\\mern-ecommerce\\frontend\\node_modules\\jest-circus\\build\\utils.js:316:10)\n    at _callCircusTest (E:\\MERN_full_project\\ECommerceWebsite\\2\\mern-ecommerce\\frontend\\node_modules\\jest-circus\\build\\run.js:218:40)\n    at processTicksAndRejections (node:internal/process/task_queues:105:5)\n    at _runTest (E:\\MERN_full_project\\ECommerceWebsite\\2\\mern-ecommerce\\frontend\\node_modules\\jest-circus\\build\\run.js:155:3)\n    at _runTestsForDescribeBlock (E:\\MERN_full_project\\ECommerceWebsite\\2\\mern-ecommerce\\frontend\\node_modules\\jest-circus\\build\\run.js:66:9)\n    at _runTestsForDescribeBlock (E:\\MERN_full_project\\ECommerceWebsite\\2\\mern-ecommerce\\frontend\\node_modules\\jest-circus\\build\\run.js:60:9)\n    at run (E:\\MERN_full_project\\ECommerceWebsite\\2\\mern-ecommerce\\frontend\\node_modules\\jest-circus\\build\\run.js:25:3)"],"fullName":"ProductCard Component should display review count","location":null,"status":"failed","title":"should display review count"},{"ancestorTitles":["ProductCard Component"],"failureMessages":["ReferenceError: React is not defined\n    at Object.<anonymous> (E:\\MERN_full_project\\ECommerceWebsite\\2\\mern-ecommerce\\frontend\\src\\__tests__\\components.test.js:124:7)\n    at Promise.then.completed (E:\\MERN_full_project\\ECommerceWebsite\\2\\mern-ecommerce\\frontend\\node_modules\\jest-circus\\build\\utils.js:391:28)\n    at new Promise (<anonymous>)\n    at callAsyncCircusFn (E:\\MERN_full_project\\ECommerceWebsite\\2\\mern-ecommerce\\frontend\\node_modules\\jest-circus\\build\\utils.js:316:10)\n    at _callCircusTest (E:\\MERN_full_project\\ECommerceWebsite\\2\\mern-ecommerce\\frontend\\node_modules\\jest-circus\\build\\run.js:218:40)\n    at processTicksAndRejections (node:internal/process/task_queues:105:5)\n    at _runTest (E:\\MERN_full_project\\ECommerceWebsite\\2\\mern-ecommerce\\frontend\\node_modules\\jest-circus\\build\\run.js:155:3)\n    at _runTestsForDescribeBlock (E:\\MERN_full_project\\ECommerceWebsite\\2\\mern-ecommerce\\frontend\\node_modules\\jest-circus\\build\\run.js:66:9)\n    at _runTestsForDescribeBlock (E:\\MERN_full_project\\ECommerceWebsite\\2\\mern-ecommerce\\frontend\\node_modules\\jest-circus\\build\\run.js:60:9)\n    at run (E:\\MERN_full_project\\ECommerceWebsite\\2\\mern-ecommerce\\frontend\\node_modules\\jest-circus\\build\\run.js:25:3)"],"fullName":"ProductCard Component should have add to cart button","location":null,"status":"failed","title":"should have add to cart button"},{"ancestorTitles":["ProductCard Component"],"failureMessages":["ReferenceError: React is not defined\n    at Object.<anonymous> (E:\\MERN_full_project\\ECommerceWebsite\\2\\mern-ecommerce\\frontend\\src\\__tests__\\components.test.js:131:7)\n    at Promise.then.completed (E:\\MERN_full_project\\ECommerceWebsite\\2\\mern-ecommerce\\frontend\\node_modules\\jest-circus\\build\\utils.js:391:28)\n    at new Promise (<anonymous>)\n    at callAsyncCircusFn (E:\\MERN_full_project\\ECommerceWebsite\\2\\mern-ecommerce\\frontend\\node_modules\\jest-circus\\build\\utils.js:316:10)\n    at _callCircusTest (E:\\MERN_full_project\\ECommerceWebsite\\2\\mern-ecommerce\\frontend\\node_modules\\jest-circus\\build\\run.js:218:40)\n    at processTicksAndRejections (node:internal/process/task_queues:105:5)\n    at _runTest (E:\\MERN_full_project\\ECommerceWebsite\\2\\mern-ecommerce\\frontend\\node_modules\\jest-circus\\build\\run.js:155:3)\n    at _runTestsForDescribeBlock (E:\\MERN_full_project\\ECommerceWebsite\\2\\mern-ecommerce\\frontend\\node_modules\\jest-circus\\build\\run.js:66:9)\n    at _runTestsForDescribeBlock (E:\\MERN_full_project\\ECommerceWebsite\\2\\mern-ecommerce\\frontend\\node_modules\\jest-circus\\build\\run.js:60:9)\n    at run (E:\\MERN_full_project\\ECommerceWebsite\\2\\mern-ecommerce\\frontend\\node_modules\\jest-circus\\build\\run.js:25:3)"],"fullName":"ProductCard Component should have wishlist button","location":null,"status":"failed","title":"should have wishlist button"},{"ancestorTitles":["ProductCard Component"],"failureMessages":["ReferenceError: React is not defined\n    at Object.<anonymous> (E:\\MERN_full_project\\ECommerceWebsite\\2\\mern-ecommerce\\frontend\\src\\__tests__\\components.test.js:139:7)\n    at Promise.then.completed (E:\\MERN_full_project\\ECommerceWebsite\\2\\mern-ecommerce\\frontend\\node_modules\\jest-circus\\build\\utils.js:391:28)\n    at new Promise (<anonymous>)\n    at callAsyncCircusFn (E:\\MERN_full_project\\ECommerceWebsite\\2\\mern-ecommerce\\frontend\\node_modules\\jest-circus\\build\\utils.js:316:10)\n    at _callCircusTest (E:\\MERN_full_project\\ECommerceWebsite\\2\\mern-ecommerce\\frontend\\node_modules\\jest-circus\\build\\run.js:218:40)\n    at processTicksAndRejections (node:internal/process/task_queues:105:5)\n    at _runTest (E:\\MERN_full_project\\ECommerceWebsite\\2\\mern-ecommerce\\frontend\\node_modules\\jest-circus\\build\\run.js:155:3)\n    at _runTestsForDescribeBlock (E:\\MERN_full_project\\ECommerceWebsite\\2\\mern-ecommerce\\frontend\\node_modules\\jest-circus\\build\\run.js:66:9)\n    at _runTestsForDescribeBlock (E:\\MERN_full_project\\ECommerceWebsite\\2\\mern-ecommerce\\frontend\\node_modules\\jest-circus\\build\\run.js:60:9)\n    at run (E:\\MERN_full_project\\ECommerceWebsite\\2\\mern-ecommerce\\frontend\\node_modules\\jest-circus\\build\\run.js:25:3)"],"fullName":"ProductCard Component should call onClick when add to cart clicked","location":null,"status":"failed","title":"should call onClick when add to cart clicked"},{"ancestorTitles":["Footer Component"],"failureMessages":["ReferenceError: React is not defined\n    at Object.<anonymous> (E:\\MERN_full_project\\ECommerceWebsite\\2\\mern-ecommerce\\frontend\\src\\__tests__\\components.test.js:151:7)\n    at Promise.then.completed (E:\\MERN_full_project\\ECommerceWebsite\\2\\mern-ecommerce\\frontend\\node_modules\\jest-circus\\build\\utils.js:391:28)\n    at new Promise (<anonymous>)\n    at callAsyncCircusFn (E:\\MERN_full_project\\ECommerceWebsite\\2\\mern-ecommerce\\frontend\\node_modules\\jest-circus\\build\\utils.js:316:10)\n    at _callCircusTest (E:\\MERN_full_project\\ECommerceWebsite\\2\\mern-ecommerce\\frontend\\node_modules\\jest-circus\\build\\run.js:218:40)\n    at processTicksAndRejections (node:internal/process/task_queues:105:5)\n    at _runTest (E:\\MERN_full_project\\ECommerceWebsite\\2\\mern-ecommerce\\frontend\\node_modules\\jest-circus\\build\\run.js:155:3)\n    at _runTestsForDescribeBlock (E:\\MERN_full_project\\ECommerceWebsite\\2\\mern-ecommerce\\frontend\\node_modules\\jest-circus\\build\\run.js:66:9)\n    at _runTestsForDescribeBlock (E:\\MERN_full_project\\ECommerceWebsite\\2\\mern-ecommerce\\frontend\\node_modules\\jest-circus\\build\\run.js:60:9)\n    at run (E:\\MERN_full_project\\ECommerceWebsite\\2\\mern-ecommerce\\frontend\\node_modules\\jest-circus\\build\\run.js:25:3)"],"fullName":"Footer Component should render footer","location":null,"status":"failed","title":"should render footer"},{"ancestorTitles":["Footer Component"],"failureMessages":["ReferenceError: React is not defined\n    at Object.<anonymous> (E:\\MERN_full_project\\ECommerceWebsite\\2\\mern-ecommerce\\frontend\\src\\__tests__\\components.test.js:160:7)\n    at Promise.then.completed (E:\\MERN_full_project\\ECommerceWebsite\\2\\mern-ecommerce\\frontend\\node_modules\\jest-circus\\build\\utils.js:391:28)\n    at new Promise (<anonymous>)\n    at callAsyncCircusFn (E:\\MERN_full_project\\ECommerceWebsite\\2\\mern-ecommerce\\frontend\\node_modules\\jest-circus\\build\\utils.js:316:10)\n    at _callCircusTest (E:\\MERN_full_project\\ECommerceWebsite\\2\\mern-ecommerce\\frontend\\node_modules\\jest-circus\\build\\run.js:218:40)\n    at processTicksAndRejections (node:internal/process/task_queues:105:5)\n    at _runTest (E:\\MERN_full_project\\ECommerceWebsite\\2\\mern-ecommerce\\frontend\\node_modules\\jest-circus\\build\\run.js:155:3)\n    at _runTestsForDescribeBlock (E:\\MERN_full_project\\ECommerceWebsite\\2\\mern-ecommerce\\frontend\\node_modules\\jest-circus\\build\\run.js:66:9)\n    at _runTestsForDescribeBlock (E:\\MERN_full_project\\ECommerceWebsite\\2\\mern-ecommerce\\frontend\\node_modules\\jest-circus\\build\\run.js:60:9)\n    at run (E:\\MERN_full_project\\ECommerceWebsite\\2\\mern-ecommerce\\frontend\\node_modules\\jest-circus\\build\\run.js:25:3)"],"fullName":"Footer Component should display company info","location":null,"status":"failed","title":"should display company info"},{"ancestorTitles":["Footer Component"],"failureMessages":["ReferenceError: React is not defined\n    at Object.<anonymous> (E:\\MERN_full_project\\ECommerceWebsite\\2\\mern-ecommerce\\frontend\\src\\__tests__\\components.test.js:173:7)\n    at Promise.then.completed (E:\\MERN_full_project\\ECommerceWebsite\\2\\mern-ecommerce\\frontend\\node_modules\\jest-circus\\build\\utils.js:391:28)\n    at new Promise (<anonymous>)\n    at callAsyncCircusFn (E:\\MERN_full_project\\ECommerceWebsite\\2\\mern-ecommerce\\frontend\\node_modules\\jest-circus\\build\\utils.js:316:10)\n    at _callCircusTest (E:\\MERN_full_project\\ECommerceWebsite\\2\\mern-ecommerce\\frontend\\node_modules\\jest-circus\\build\\run.js:218:40)\n    at processTicksAndRejections (node:internal/process/task_queues:105:5)\n    at _runTest (E:\\MERN_full_project\\ECommerceWebsite\\2\\mern-ecommerce\\frontend\\node_modules\\jest-circus\\build\\run.js:155:3)\n    at _runTestsForDescribeBlock (E:\\MERN_full_project\\ECommerceWebsite\\2\\mern-ecommerce\\frontend\\node_modules\\jest-circus\\build\\run.js:66:9)\n    at _runTestsForDescribeBlock (E:\\MERN_full_project\\ECommerceWebsite\\2\\mern-ecommerce\\frontend\\node_modules\\jest-circus\\build\\run.js:60:9)\n    at run (E:\\MERN_full_project\\ECommerceWebsite\\2\\mern-ecommerce\\frontend\\node_modules\\jest-circus\\build\\run.js:25:3)"],"fullName":"Footer Component should display footer links","location":null,"status":"failed","title":"should display footer links"},{"ancestorTitles":["Footer Component"],"failureMessages":["ReferenceError: React is not defined\n    at Object.<anonymous> (E:\\MERN_full_project\\ECommerceWebsite\\2\\mern-ecommerce\\frontend\\src\\__tests__\\components.test.js:186:7)\n    at Promise.then.completed (E:\\MERN_full_project\\ECommerceWebsite\\2\\mern-ecommerce\\frontend\\node_modules\\jest-circus\\build\\utils.js:391:28)\n    at new Promise (<anonymous>)\n    at callAsyncCircusFn (E:\\MERN_full_project\\ECommerceWebsite\\2\\mern-ecommerce\\frontend\\node_modules\\jest-circus\\build\\utils.js:316:10)\n    at _callCircusTest (E:\\MERN_full_project\\ECommerceWebsite\\2\\mern-ecommerce\\frontend\\node_modules\\jest-circus\\build\\run.js:218:40)\n    at processTicksAndRejections (node:internal/process/task_queues:105:5)\n    at _runTest (E:\\MERN_full_project\\ECommerceWebsite\\2\\mern-ecommerce\\frontend\\node_modules\\jest-circus\\build\\run.js:155:3)\n    at _runTestsForDescribeBlock (E:\\MERN_full_project\\ECommerceWebsite\\2\\mern-ecommerce\\frontend\\node_modules\\jest-circus\\build\\run.js:66:9)\n    at _runTestsForDescribeBlock (E:\\MERN_full_project\\ECommerceWebsite\\2\\mern-ecommerce\\frontend\\node_modules\\jest-circus\\build\\run.js:60:9)\n    at run (E:\\MERN_full_project\\ECommerceWebsite\\2\\mern-ecommerce\\frontend\\node_modules\\jest-circus\\build\\run.js:25:3)"],"fullName":"Footer Component should display social media links","location":null,"status":"failed","title":"should display social media links"},{"ancestorTitles":["Footer Component"],"failureMessages":["ReferenceError: React is not defined\n    at Object.<anonymous> (E:\\MERN_full_project\\ECommerceWebsite\\2\\mern-ecommerce\\frontend\\src\\__tests__\\components.test.js:199:7)\n    at Promise.then.completed (E:\\MERN_full_project\\ECommerceWebsite\\2\\mern-ecommerce\\frontend\\node_modules\\jest-circus\\build\\utils.js:391:28)\n    at new Promise (<anonymous>)\n    at callAsyncCircusFn (E:\\MERN_full_project\\ECommerceWebsite\\2\\mern-ecommerce\\frontend\\node_modules\\jest-circus\\build\\utils.js:316:10)\n    at _callCircusTest (E:\\MERN_full_project\\ECommerceWebsite\\2\\mern-ecommerce\\frontend\\node_modules\\jest-circus\\build\\run.js:218:40)\n    at processTicksAndRejections (node:internal/process/task_queues:105:5)\n    at _runTest (E:\\MERN_full_project\\ECommerceWebsite\\2\\mern-ecommerce\\frontend\\node_modules\\jest-circus\\build\\run.js:155:3)\n    at _runTestsForDescribeBlock (E:\\MERN_full_project\\ECommerceWebsite\\2\\mern-ecommerce\\frontend\\node_modules\\jest-circus\\build\\run.js:66:9)\n    at _runTestsForDescribeBlock (E:\\MERN_full_project\\ECommerceWebsite\\2\\mern-ecommerce\\frontend\\node_modules\\jest-circus\\build\\run.js:60:9)\n    at run (E:\\MERN_full_project\\ECommerceWebsite\\2\\mern-ecommerce\\frontend\\node_modules\\jest-circus\\build\\run.js:25:3)"],"fullName":"Footer Component should display newsletter subscription","location":null,"status":"failed","title":"should display newsletter subscription"},{"ancestorTitles":["Login Form"],"failureMessages":["ReferenceError: React is not defined\n    at Object.<anonymous> (E:\\MERN_full_project\\ECommerceWebsite\\2\\mern-ecommerce\\frontend\\src\\__tests__\\components.test.js:212:7)\n    at Promise.then.completed (E:\\MERN_full_project\\ECommerceWebsite\\2\\mern-ecommerce\\frontend\\node_modules\\jest-circus\\build\\utils.js:391:28)\n    at new Promise (<anonymous>)\n    at callAsyncCircusFn (E:\\MERN_full_project\\ECommerceWebsite\\2\\mern-ecommerce\\frontend\\node_modules\\jest-circus\\build\\utils.js:316:10)\n    at _callCircusTest (E:\\MERN_full_project\\ECommerceWebsite\\2\\mern-ecommerce\\frontend\\node_modules\\jest-circus\\build\\run.js:218:40)\n    at processTicksAndRejections (node:internal/process/task_queues:105:5)\n    at _runTest (E:\\MERN_full_project\\ECommerceWebsite\\2\\mern-ecommerce\\frontend\\node_modules\\jest-circus\\build\\run.js:155:3)\n    at _runTestsForDescribeBlock (E:\\MERN_full_project\\ECommerceWebsite\\2\\mern-ecommerce\\frontend\\node_modules\\jest-circus\\build\\run.js:66:9)\n    at _runTestsForDescribeBlock (E:\\MERN_full_project\\ECommerceWebsite\\2\\mern-ecommerce\\frontend\\node_modules\\jest-circus\\build\\run.js:60:9)\n    at run (E:\\MERN_full_project\\ECommerceWebsite\\2\\mern-ecommerce\\frontend\\node_modules\\jest-circus\\build\\run.js:25:3)"],"fullName":"Login Form should render login form","location":null,"status":"failed","title":"should render login form"},{"ancestorTitles":["Login Form"],"failureMessages":["ReferenceError: React is not defined\n    at Object.<anonymous> (E:\\MERN_full_project\\ECommerceWebsite\\2\\mern-ecommerce\\frontend\\src\\__tests__\\components.test.js:224:7)\n    at Promise.then.completed (E:\\MERN_full_project\\ECommerceWebsite\\2\\mern-ecommerce\\frontend\\node_modules\\jest-circus\\build\\utils.js:391:28)\n    at new Promise (<anonymous>)\n    at callAsyncCircusFn (E:\\MERN_full_project\\ECommerceWebsite\\2\\mern-ecommerce\\frontend\\node_modules\\jest-circus\\build\\utils.js:316:10)\n    at _callCircusTest (E:\\MERN_full_project\\ECommerceWebsite\\2\\mern-ecommerce\\frontend\\node_modules\\jest-circus\\build\\run.js:218:40)\n    at processTicksAndRejections (node:internal/process/task_queues:105:5)\n    at _runTest (E:\\MERN_full_project\\ECommerceWebsite\\2\\mern-ecommerce\\frontend\\node_modules\\jest-circus\\build\\run.js:155:3)\n    at _runTestsForDescribeBlock (E:\\MERN_full_project\\ECommerceWebsite\\2\\mern-ecommerce\\frontend\\node_modules\\jest-circus\\build\\run.js:66:9)\n    at _runTestsForDescribeBlock (E:\\MERN_full_project\\ECommerceWebsite\\2\\mern-ecommerce\\frontend\\node_modules\\jest-circus\\build\\run.js:60:9)\n    at run (E:\\MERN_full_project\\ECommerceWebsite\\2\\mern-ecommerce\\frontend\\node_modules\\jest-circus\\build\\run.js:25:3)"],"fullName":"Login Form should update email input value","location":null,"status":"failed","title":"should update email input value"},{"ancestorTitles":["Login Form"],"failureMessages":["ReferenceError: React is not defined\n    at Object.<anonymous> (E:\\MERN_full_project\\ECommerceWebsite\\2\\mern-ecommerce\\frontend\\src\\__tests__\\components.test.js:233:7)\n    at Promise.then.completed (E:\\MERN_full_project\\ECommerceWebsite\\2\\mern-ecommerce\\frontend\\node_modules\\jest-circus\\build\\utils.js:391:28)\n    at new Promise (<anonymous>)\n    at callAsyncCircusFn (E:\\MERN_full_project\\ECommerceWebsite\\2\\mern-ecommerce\\frontend\\node_modules\\jest-circus\\build\\utils.js:316:10)\n    at _callCircusTest (E:\\MERN_full_project\\ECommerceWebsite\\2\\mern-ecommerce\\frontend\\node_modules\\jest-circus\\build\\run.js:218:40)\n    at processTicksAndRejections (node:internal/process/task_queues:105:5)\n    at _runTest (E:\\MERN_full_project\\ECommerceWebsite\\2\\mern-ecommerce\\frontend\\node_modules\\jest-circus\\build\\run.js:155:3)\n    at _runTestsForDescribeBlock (E:\\MERN_full_project\\ECommerceWebsite\\2\\mern-ecommerce\\frontend\\node_modules\\jest-circus\\build\\run.js:66:9)\n    at _runTestsForDescribeBlock (E:\\MERN_full_project\\ECommerceWebsite\\2\\mern-ecommerce\\frontend\\node_modules\\jest-circus\\build\\run.js:60:9)\n    at run (E:\\MERN_full_project\\ECommerceWebsite\\2\\mern-ecommerce\\frontend\\node_modules\\jest-circus\\build\\run.js:25:3)"],"fullName":"Login Form should update password input value","location":null,"status":"failed","title":"should update password input value"},{"ancestorTitles":["Login Form"],"failureMessages":["ReferenceError: React is not defined\n    at Object.<anonymous> (E:\\MERN_full_project\\ECommerceWebsite\\2\\mern-ecommerce\\frontend\\src\\__tests__\\components.test.js:243:7)\n    at Promise.then.completed (E:\\MERN_full_project\\ECommerceWebsite\\2\\mern-ecommerce\\frontend\\node_modules\\jest-circus\\build\\utils.js:391:28)\n    at new Promise (<anonymous>)\n    at callAsyncCircusFn (E:\\MERN_full_project\\ECommerceWebsite\\2\\mern-ecommerce\\frontend\\node_modules\\jest-circus\\build\\utils.js:316:10)\n    at _callCircusTest (E:\\MERN_full_project\\ECommerceWebsite\\2\\mern-ecommerce\\frontend\\node_modules\\jest-circus\\build\\run.js:218:40)\n    at processTicksAndRejections (node:internal/process/task_queues:105:5)\n    at _runTest (E:\\MERN_full_project\\ECommerceWebsite\\2\\mern-ecommerce\\frontend\\node_modules\\jest-circus\\build\\run.js:155:3)\n    at _runTestsForDescribeBlock (E:\\MERN_full_project\\ECommerceWebsite\\2\\mern-ecommerce\\frontend\\node_modules\\jest-circus\\build\\run.js:66:9)\n    at _runTestsForDescribeBlock (E:\\MERN_full_project\\ECommerceWebsite\\2\\mern-ecommerce\\frontend\\node_modules\\jest-circus\\build\\run.js:60:9)\n    at run (E:\\MERN_full_project\\ECommerceWebsite\\2\\mern-ecommerce\\frontend\\node_modules\\jest-circus\\build\\run.js:25:3)"],"fullName":"Login Form should submit form with data","location":null,"status":"failed","title":"should submit form with data"},{"ancestorTitles":["Cart Page"],"failureMessages":["ReferenceError: React is not defined\n    at Object.<anonymous> (E:\\MERN_full_project\\ECommerceWebsite\\2\\mern-ecommerce\\frontend\\src\\__tests__\\components.test.js:263:7)\n    at Promise.then.completed (E:\\MERN_full_project\\ECommerceWebsite\\2\\mern-ecommerce\\frontend\\node_modules\\jest-circus\\build\\utils.js:391:28)\n    at new Promise (<anonymous>)\n    at callAsyncCircusFn (E:\\MERN_full_project\\ECommerceWebsite\\2\\mern-ecommerce\\frontend\\node_modules\\jest-circus\\build\\utils.js:316:10)\n    at _callCircusTest (E:\\MERN_full_project\\ECommerceWebsite\\2\\mern-ecommerce\\frontend\\node_modules\\jest-circus\\build\\run.js:218:40)\n    at processTicksAndRejections (node:internal/process/task_queues:105:5)\n    at _runTest (E:\\MERN_full_project\\ECommerceWebsite\\2\\mern-ecommerce\\frontend\\node_modules\\jest-circus\\build\\run.js:155:3)\n    at _runTestsForDescribeBlock (E:\\MERN_full_project\\ECommerceWebsite\\2\\mern-ecommerce\\frontend\\node_modules\\jest-circus\\build\\run.js:66:9)\n    at _runTestsForDescribeBlock (E:\\MERN_full_project\\ECommerceWebsite\\2\\mern-ecommerce\\frontend\\node_modules\\jest-circus\\build\\run.js:60:9)\n    at run (E:\\MERN_full_project\\ECommerceWebsite\\2\\mern-ecommerce\\frontend\\node_modules\\jest-circus\\build\\run.js:25:3)"],"fullName":"Cart Page should display cart items","location":null,"status":"failed","title":"should display cart items"},{"ancestorTitles":["Cart Page"],"failureMessages":["ReferenceError: React is not defined\n    at Object.<anonymous> (E:\\MERN_full_project\\ECommerceWebsite\\2\\mern-ecommerce\\frontend\\src\\__tests__\\components.test.js:278:7)\n    at Promise.then.completed (E:\\MERN_full_project\\ECommerceWebsite\\2\\mern-ecommerce\\frontend\\node_modules\\jest-circus\\build\\utils.js:391:28)\n    at new Promise (<anonymous>)\n    at callAsyncCircusFn (E:\\MERN_full_project\\ECommerceWebsite\\2\\mern-ecommerce\\frontend\\node_modules\\jest-circus\\build\\utils.js:316:10)\n    at _callCircusTest (E:\\MERN_full_project\\ECommerceWebsite\\2\\mern-ecommerce\\frontend\\node_modules\\jest-circus\\build\\run.js:218:40)\n    at processTicksAndRejections (node:internal/process/task_queues:105:5)\n    at _runTest (E:\\MERN_full_project\\ECommerceWebsite\\2\\mern-ecommerce\\frontend\\node_modules\\jest-circus\\build\\run.js:155:3)\n    at _runTestsForDescribeBlock (E:\\MERN_full_project\\ECommerceWebsite\\2\\mern-ecommerce\\frontend\\node_modules\\jest-circus\\build\\run.js:66:9)\n    at _runTestsForDescribeBlock (E:\\MERN_full_project\\ECommerceWebsite\\2\\mern-ecommerce\\frontend\\node_modules\\jest-circus\\build\\run.js:60:9)\n    at run (E:\\MERN_full_project\\ECommerceWebsite\\2\\mern-ecommerce\\frontend\\node_modules\\jest-circus\\build\\run.js:25:3)"],"fullName":"Cart Page should display total price","location":null,"status":"failed","title":"should display total price"},{"ancestorTitles":["Cart Page"],"failureMessages":["ReferenceError: React is not defined\n    at Object.<anonymous> (E:\\MERN_full_project\\ECommerceWebsite\\2\\mern-ecommerce\\frontend\\src\\__tests__\\components.test.js:287:7)\n    at Promise.then.completed (E:\\MERN_full_project\\ECommerceWebsite\\2\\mern-ecommerce\\frontend\\node_modules\\jest-circus\\build\\utils.js:391:28)\n    at new Promise (<anonymous>)\n    at callAsyncCircusFn (E:\\MERN_full_project\\ECommerceWebsite\\2\\mern-ecommerce\\frontend\\node_modules\\jest-circus\\build\\utils.js:316:10)\n    at _callCircusTest (E:\\MERN_full_project\\ECommerceWebsite\\2\\mern-ecommerce\\frontend\\node_modules\\jest-circus\\build\\run.js:218:40)\n    at processTicksAndRejections (node:internal/process/task_queues:105:5)\n    at _runTest (E:\\MERN_full_project\\ECommerceWebsite\\2\\mern-ecommerce\\frontend\\node_modules\\jest-circus\\build\\run.js:155:3)\n    at _runTestsForDescribeBlock (E:\\MERN_full_project\\ECommerceWebsite\\2\\mern-ecommerce\\frontend\\node_modules\\jest-circus\\build\\run.js:66:9)\n    at _runTestsForDescribeBlock (E:\\MERN_full_project\\ECommerceWebsite\\2\\mern-ecommerce\\frontend\\node_modules\\jest-circus\\build\\run.js:60:9)\n    at run (E:\\MERN_full_project\\ECommerceWebsite\\2\\mern-ecommerce\\frontend\\node_modules\\jest-circus\\build\\run.js:25:3)"],"fullName":"Cart Page should have checkout button","location":null,"status":"failed","title":"should have checkout button"},{"ancestorTitles":["Cart Page"],"failureMessages":["ReferenceError: React is not defined\n    at Object.<anonymous> (E:\\MERN_full_project\\ECommerceWebsite\\2\\mern-ecommerce\\frontend\\src\\__tests__\\components.test.js:294:7)\n    at Promise.then.completed (E:\\MERN_full_project\\ECommerceWebsite\\2\\mern-ecommerce\\frontend\\node_modules\\jest-circus\\build\\utils.js:391:28)\n    at new Promise (<anonymous>)\n    at callAsyncCircusFn (E:\\MERN_full_project\\ECommerceWebsite\\2\\mern-ecommerce\\frontend\\node_modules\\jest-circus\\build\\utils.js:316:10)\n    at _callCircusTest (E:\\MERN_full_project\\ECommerceWebsite\\2\\mern-ecommerce\\frontend\\node_modules\\jest-circus\\build\\run.js:218:40)\n    at processTicksAndRejections (node:internal/process/task_queues:105:5)\n    at _runTest (E:\\MERN_full_project\\ECommerceWebsite\\2\\mern-ecommerce\\frontend\\node_modules\\jest-circus\\build\\run.js:155:3)\n    at _runTestsForDescribeBlock (E:\\MERN_full_project\\ECommerceWebsite\\2\\mern-ecommerce\\frontend\\node_modules\\jest-circus\\build\\run.js:66:9)\n    at _runTestsForDescribeBlock (E:\\MERN_full_project\\ECommerceWebsite\\2\\mern-ecommerce\\frontend\\node_modules\\jest-circus\\build\\run.js:60:9)\n    at run (E:\\MERN_full_project\\ECommerceWebsite\\2\\mern-ecommerce\\frontend\\node_modules\\jest-circus\\build\\run.js:25:3)"],"fullName":"Cart Page should have continue shopping button","location":null,"status":"failed","title":"should have continue shopping button"},{"ancestorTitles":["Cart Page"],"failureMessages":["ReferenceError: React is not defined\n    at Object.<anonymous> (E:\\MERN_full_project\\ECommerceWebsite\\2\\mern-ecommerce\\frontend\\src\\__tests__\\components.test.js:301:7)\n    at Promise.then.completed (E:\\MERN_full_project\\ECommerceWebsite\\2\\mern-ecommerce\\frontend\\node_modules\\jest-circus\\build\\utils.js:391:28)\n    at new Promise (<anonymous>)\n    at callAsyncCircusFn (E:\\MERN_full_project\\ECommerceWebsite\\2\\mern-ecommerce\\frontend\\node_modules\\jest-circus\\build\\utils.js:316:10)\n    at _callCircusTest (E:\\MERN_full_project\\ECommerceWebsite\\2\\mern-ecommerce\\frontend\\node_modules\\jest-circus\\build\\run.js:218:40)\n    at processTicksAndRejections (node:internal/process/task_queues:105:5)\n    at _runTest (E:\\MERN_full_project\\ECommerceWebsite\\2\\mern-ecommerce\\frontend\\node_modules\\jest-circus\\build\\run.js:155:3)\n    at _runTestsForDescribeBlock (E:\\MERN_full_project\\ECommerceWebsite\\2\\mern-ecommerce\\frontend\\node_modules\\jest-circus\\build\\run.js:66:9)\n    at _runTestsForDescribeBlock (E:\\MERN_full_project\\ECommerceWebsite\\2\\mern-ecommerce\\frontend\\node_modules\\jest-circus\\build\\run.js:60:9)\n    at run (E:\\MERN_full_project\\ECommerceWebsite\\2\\mern-ecommerce\\frontend\\node_modules\\jest-circus\\build\\run.js:25:3)"],"fullName":"Cart Page should display empty cart message","location":null,"status":"failed","title":"should display empty cart message"},{"ancestorTitles":["Cart Page"],"failureMessages":["ReferenceError: React is not defined\n    at Object.<anonymous> (E:\\MERN_full_project\\ECommerceWebsite\\2\\mern-ecommerce\\frontend\\src\\__tests__\\components.test.js:311:7)\n    at Promise.then.completed (E:\\MERN_full_project\\ECommerceWebsite\\2\\mern-ecommerce\\frontend\\node_modules\\jest-circus\\build\\utils.js:391:28)\n    at new Promise (<anonymous>)\n    at callAsyncCircusFn (E:\\MERN_full_project\\ECommerceWebsite\\2\\mern-ecommerce\\frontend\\node_modules\\jest-circus\\build\\utils.js:316:10)\n    at _callCircusTest (E:\\MERN_full_project\\ECommerceWebsite\\2\\mern-ecommerce\\frontend\\node_modules\\jest-circus\\build\\run.js:218:40)\n    at processTicksAndRejections (node:internal/process/task_queues:105:5)\n    at _runTest (E:\\MERN_full_project\\ECommerceWebsite\\2\\mern-ecommerce\\frontend\\node_modules\\jest-circus\\build\\run.js:155:3)\n    at _runTestsForDescribeBlock (E:\\MERN_full_project\\ECommerceWebsite\\2\\mern-ecommerce\\frontend\\node_modules\\jest-circus\\build\\run.js:66:9)\n    at _runTestsForDescribeBlock (E:\\MERN_full_project\\ECommerceWebsite\\2\\mern-ecommerce\\frontend\\node_modules\\jest-circus\\build\\run.js:60:9)\n    at run (E:\\MERN_full_project\\ECommerceWebsite\\2\\mern-ecommerce\\frontend\\node_modules\\jest-circus\\build\\run.js:25:3)"],"fullName":"Cart Page should remove item from cart","location":null,"status":"failed","title":"should remove item from cart"}],"endTime":1778611702425,"message":"\u001b[1m\u001b[31m  \u001b[1m● \u001b[22m\u001b[1mNavbar Component › should render navbar\u001b[39m\u001b[22m\n\n    ReferenceError: React is not defined\n\u001b[2m\u001b[22m\n\u001b[2m    \u001b[0m \u001b[90m  6 |\u001b[39m   it(\u001b[32m'should render navbar'\u001b[39m\u001b[33m,\u001b[39m () \u001b[33m=>\u001b[39m {\u001b[22m\n\u001b[2m     \u001b[90m  7 |\u001b[39m     render(\u001b[22m\n\u001b[2m    \u001b[31m\u001b[1m>\u001b[22m\u001b[2m\u001b[39m\u001b[90m  8 |\u001b[39m       \u001b[33m<\u001b[39m\u001b[33mBrowserRouter\u001b[39m\u001b[33m>\u001b[39m\u001b[22m\n\u001b[2m     \u001b[90m    |\u001b[39m       \u001b[31m\u001b[1m^\u001b[22m\u001b[2m\u001b[39m\u001b[22m\n\u001b[2m     \u001b[90m  9 |\u001b[39m         \u001b[33m<\u001b[39m\u001b[33mdiv\u001b[39m\u001b[33m>\u001b[39m\u001b[33mNavbar\u001b[39m \u001b[33mComponent\u001b[39m\u001b[33m<\u001b[39m\u001b[33m/\u001b[39m\u001b[33mdiv\u001b[39m\u001b[33m>\u001b[39m\u001b[22m\n\u001b[2m     \u001b[90m 10 |\u001b[39m       \u001b[33m<\u001b[39m\u001b[33m/\u001b[39m\u001b[33mBrowserRouter\u001b[39m\u001b[33m>\u001b[39m\u001b[22m\n\u001b[2m     \u001b[90m 11 |\u001b[39m     )\u001b[33m;\u001b[39m\u001b[0m\u001b[22m\n\u001b[2m\u001b[22m\n\u001b[2m      \u001b[2mat Object.<anonymous> (\u001b[22m\u001b[2m\u001b[0m\u001b[36msrc/__tests__/components.test.js\u001b[39m\u001b[0m\u001b[2m:8:7)\u001b[22m\u001b[2m\u001b[22m\n\n\u001b[1m\u001b[31m  \u001b[1m● \u001b[22m\u001b[1mNavbar Component › should display logo\u001b[39m\u001b[22m\n\n    ReferenceError: React is not defined\n\u001b[2m\u001b[22m\n\u001b[2m    \u001b[0m \u001b[90m 15 |\u001b[39m   it(\u001b[32m'should display logo'\u001b[39m\u001b[33m,\u001b[39m () \u001b[33m=>\u001b[39m {\u001b[22m\n\u001b[2m     \u001b[90m 16 |\u001b[39m     render(\u001b[22m\n\u001b[2m    \u001b[31m\u001b[1m>\u001b[22m\u001b[2m\u001b[39m\u001b[90m 17 |\u001b[39m       \u001b[33m<\u001b[39m\u001b[33mBrowserRouter\u001b[39m\u001b[33m>\u001b[39m\u001b[22m\n\u001b[2m     \u001b[90m    |\u001b[39m       \u001b[31m\u001b[1m^\u001b[22m\u001b[2m\u001b[39m\u001b[22m\n\u001b[2m     \u001b[90m 18 |\u001b[39m         \u001b[33m<\u001b[39m\u001b[33mdiv\u001b[39m\u001b[33m>\u001b[39m\u001b[33mLogo\u001b[39m\u001b[33m<\u001b[39m\u001b[33m/\u001b[39m\u001b[33mdiv\u001b[39m\u001b[33m>\u001b[39m\u001b[22m\n\u001b[2m     \u001b[90m 19 |\u001b[39m       \u001b[33m<\u001b[39m\u001b[33m/\u001b[39m\u001b[33mBrowserRouter\u001b[39m\u001b[33m>\u001b[39m\u001b[22m\n\u001b[2m     \u001b[90m 20 |\u001b[39m     )\u001b[33m;\u001b[39m\u001b[0m\u001b[22m\n\u001b[2m\u001b[22m\n\u001b[2m      \u001b[2mat Object.<anonymous> (\u001b[22m\u001b[2m\u001b[0m\u001b[36msrc/__tests__/components.test.js\u001b[39m\u001b[0m\u001b[2m:17:7)\u001b[22m\u001b[2m\u001b[22m\n\n\u001b[1m\u001b[31m  \u001b[1m● \u001b[22m\u001b[1mNavbar Component › should display navigation links\u001b[39m\u001b[22m\n\n    ReferenceError: React is not defined\n\u001b[2m\u001b[22m\n\u001b[2m    \u001b[0m \u001b[90m 25 |\u001b[39m     \u001b[36mconst\u001b[39m navLinks \u001b[33m=\u001b[39m [\u001b[32m'Home'\u001b[39m\u001b[33m,\u001b[39m \u001b[32m'Products'\u001b[39m\u001b[33m,\u001b[39m \u001b[32m'Cart'\u001b[39m\u001b[33m,\u001b[39m \u001b[32m'Account'\u001b[39m]\u001b[33m;\u001b[39m\u001b[22m\n\u001b[2m     \u001b[90m 26 |\u001b[39m     render(\u001b[22m\n\u001b[2m    \u001b[31m\u001b[1m>\u001b[22m\u001b[2m\u001b[39m\u001b[90m 27 |\u001b[39m       \u001b[33m<\u001b[39m\u001b[33mBrowserRouter\u001b[39m\u001b[33m>\u001b[39m\u001b[22m\n\u001b[2m     \u001b[90m    |\u001b[39m       \u001b[31m\u001b[1m^\u001b[22m\u001b[2m\u001b[39m\u001b[22m\n\u001b[2m     \u001b[90m 28 |\u001b[39m         \u001b[33m<\u001b[39m\u001b[33mnav\u001b[39m\u001b[33m>\u001b[39m\u001b[22m\n\u001b[2m     \u001b[90m 29 |\u001b[39m           {navLinks\u001b[33m.\u001b[39mmap((link) \u001b[33m=>\u001b[39m (\u001b[22m\n\u001b[2m     \u001b[90m 30 |\u001b[39m             \u001b[33m<\u001b[39m\u001b[33ma\u001b[39m key\u001b[33m=\u001b[39m{link} href\u001b[33m=\u001b[39m\u001b[32m\"#\"\u001b[39m\u001b[33m>\u001b[39m{link}\u001b[33m<\u001b[39m\u001b[33m/\u001b[39m\u001b[33ma\u001b[39m\u001b[33m>\u001b[39m\u001b[0m\u001b[22m\n\u001b[2m\u001b[22m\n\u001b[2m      \u001b[2mat Object.<anonymous> (\u001b[22m\u001b[2m\u001b[0m\u001b[36msrc/__tests__/components.test.js\u001b[39m\u001b[0m\u001b[2m:27:7)\u001b[22m\u001b[2m\u001b[22m\n\n\u001b[1m\u001b[31m  \u001b[1m● \u001b[22m\u001b[1mNavbar Component › should display search box\u001b[39m\u001b[22m\n\n    ReferenceError: React is not defined\n\u001b[2m\u001b[22m\n\u001b[2m    \u001b[0m \u001b[90m 40 |\u001b[39m   it(\u001b[32m'should display search box'\u001b[39m\u001b[33m,\u001b[39m () \u001b[33m=>\u001b[39m {\u001b[22m\n\u001b[2m     \u001b[90m 41 |\u001b[39m     render(\u001b[22m\n\u001b[2m    \u001b[31m\u001b[1m>\u001b[22m\u001b[2m\u001b[39m\u001b[90m 42 |\u001b[39m       \u001b[33m<\u001b[39m\u001b[33mBrowserRouter\u001b[39m\u001b[33m>\u001b[39m\u001b[22m\n\u001b[2m     \u001b[90m    |\u001b[39m       \u001b[31m\u001b[1m^\u001b[22m\u001b[2m\u001b[39m\u001b[22m\n\u001b[2m     \u001b[90m 43 |\u001b[39m         \u001b[33m<\u001b[39m\u001b[33minput\u001b[39m type\u001b[33m=\u001b[39m\u001b[32m\"text\"\u001b[39m placeholder\u001b[33m=\u001b[39m\u001b[32m\"Search products\"\u001b[39m \u001b[33m/\u001b[39m\u001b[33m>\u001b[39m\u001b[22m\n\u001b[2m     \u001b[90m 44 |\u001b[39m       \u001b[33m<\u001b[39m\u001b[33m/\u001b[39m\u001b[33mBrowserRouter\u001b[39m\u001b[33m>\u001b[39m\u001b[22m\n\u001b[2m     \u001b[90m 45 |\u001b[39m     )\u001b[33m;\u001b[39m\u001b[0m\u001b[22m\n\u001b[2m\u001b[22m\n\u001b[2m      \u001b[2mat Object.<anonymous> (\u001b[22m\u001b[2m\u001b[0m\u001b[36msrc/__tests__/components.test.js\u001b[39m\u001b[0m\u001b[2m:42:7)\u001b[22m\u001b[2m\u001b[22m\n\n\u001b[1m\u001b[31m  \u001b[1m● \u001b[22m\u001b[1mNavbar Component › should display cart icon with count\u001b[39m\u001b[22m\n\n    ReferenceError: React is not defined\n\u001b[2m\u001b[22m\n\u001b[2m    \u001b[0m \u001b[90m 49 |\u001b[39m   it(\u001b[32m'should display cart icon with count'\u001b[39m\u001b[33m,\u001b[39m () \u001b[33m=>\u001b[39m {\u001b[22m\n\u001b[2m     \u001b[90m 50 |\u001b[39m     render(\u001b[22m\n\u001b[2m    \u001b[31m\u001b[1m>\u001b[22m\u001b[2m\u001b[39m\u001b[90m 51 |\u001b[39m       \u001b[33m<\u001b[39m\u001b[33mBrowserRouter\u001b[39m\u001b[33m>\u001b[39m\u001b[22m\n\u001b[2m     \u001b[90m    |\u001b[39m       \u001b[31m\u001b[1m^\u001b[22m\u001b[2m\u001b[39m\u001b[22m\n\u001b[2m     \u001b[90m 52 |\u001b[39m         \u001b[33m<\u001b[39m\u001b[33mdiv\u001b[39m\u001b[33m>\u001b[39m\u001b[22m\n\u001b[2m     \u001b[90m 53 |\u001b[39m           \u001b[33m<\u001b[39m\u001b[33mspan\u001b[39m\u001b[33m>\u001b[39m\u001b[33mCart\u001b[39m\u001b[33m<\u001b[39m\u001b[33m/\u001b[39m\u001b[33mspan\u001b[39m\u001b[33m>\u001b[39m\u001b[22m\n\u001b[2m     \u001b[90m 54 |\u001b[39m           \u001b[33m<\u001b[39m\u001b[33mspan\u001b[39m className\u001b[33m=\u001b[39m\u001b[32m\"cart-count\"\u001b[39m\u001b[33m>\u001b[39m\u001b[35m5\u001b[39m\u001b[33m<\u001b[39m\u001b[33m/\u001b[39m\u001b[33mspan\u001b[39m\u001b[33m>\u001b[39m\u001b[0m\u001b[22m\n\u001b[2m\u001b[22m\n\u001b[2m      \u001b[2mat Object.<anonymous> (\u001b[22m\u001b[2m\u001b[0m\u001b[36msrc/__tests__/components.test.js\u001b[39m\u001b[0m\u001b[2m:51:7)\u001b[22m\u001b[2m\u001b[22m\n\n\u001b[1m\u001b[31m  \u001b[1m● \u001b[22m\u001b[1mNavbar Component › should open mobile menu on button click\u001b[39m\u001b[22m\n\n    ReferenceError: React is not defined\n\u001b[2m\u001b[22m\n\u001b[2m    \u001b[0m \u001b[90m 62 |\u001b[39m   it(\u001b[32m'should open mobile menu on button click'\u001b[39m\u001b[33m,\u001b[39m () \u001b[33m=>\u001b[39m {\u001b[22m\n\u001b[2m     \u001b[90m 63 |\u001b[39m     render(\u001b[22m\n\u001b[2m    \u001b[31m\u001b[1m>\u001b[22m\u001b[2m\u001b[39m\u001b[90m 64 |\u001b[39m       \u001b[33m<\u001b[39m\u001b[33mBrowserRouter\u001b[39m\u001b[33m>\u001b[39m\u001b[22m\n\u001b[2m     \u001b[90m    |\u001b[39m       \u001b[31m\u001b[1m^\u001b[22m\u001b[2m\u001b[39m\u001b[22m\n\u001b[2m     \u001b[90m 65 |\u001b[39m         \u001b[33m<\u001b[39m\u001b[33mbutton\u001b[39m aria\u001b[33m-\u001b[39mlabel\u001b[33m=\u001b[39m\u001b[32m\"Menu\"\u001b[39m\u001b[33m>\u001b[39m☰\u001b[33m<\u001b[39m\u001b[33m/\u001b[39m\u001b[33mbutton\u001b[39m\u001b[33m>\u001b[39m\u001b[22m\n\u001b[2m     \u001b[90m 66 |\u001b[39m       \u001b[33m<\u001b[39m\u001b[33m/\u001b[39m\u001b[33mBrowserRouter\u001b[39m\u001b[33m>\u001b[39m\u001b[22m\n\u001b[2m     \u001b[90m 67 |\u001b[39m     )\u001b[33m;\u001b[39m\u001b[0m\u001b[22m\n\u001b[2m\u001b[22m\n\u001b[2m      \u001b[2mat Object.<anonymous> (\u001b[22m\u001b[2m\u001b[0m\u001b[36msrc/__tests__/components.test.js\u001b[39m\u001b[0m\u001b[2m:64:7)\u001b[22m\u001b[2m\u001b[22m\n\n\u001b[1m\u001b[31m  \u001b[1m● \u001b[22m\u001b[1mProductCard Component › should render product card\u001b[39m\u001b[22m\n\n    ReferenceError: React is not defined\n\u001b[2m\u001b[22m\n\u001b[2m    \u001b[0m \u001b[90m 84 |\u001b[39m   it(\u001b[32m'should render product card'\u001b[39m\u001b[33m,\u001b[39m () \u001b[33m=>\u001b[39m {\u001b[22m\n\u001b[2m     \u001b[90m 85 |\u001b[39m     render(\u001b[22m\n\u001b[2m    \u001b[31m\u001b[1m>\u001b[22m\u001b[2m\u001b[39m\u001b[90m 86 |\u001b[39m       \u001b[33m<\u001b[39m\u001b[33mdiv\u001b[39m\u001b[33m>\u001b[39m\u001b[22m\n\u001b[2m     \u001b[90m    |\u001b[39m       \u001b[31m\u001b[1m^\u001b[22m\u001b[2m\u001b[39m\u001b[22m\n\u001b[2m     \u001b[90m 87 |\u001b[39m         \u001b[33m<\u001b[39m\u001b[33mimg\u001b[39m src\u001b[33m=\u001b[39m{mockProduct\u001b[33m.\u001b[39mimage} alt\u001b[33m=\u001b[39m{mockProduct\u001b[33m.\u001b[39mname} \u001b[33m/\u001b[39m\u001b[33m>\u001b[39m\u001b[22m\n\u001b[2m     \u001b[90m 88 |\u001b[39m         \u001b[33m<\u001b[39m\u001b[33mh3\u001b[39m\u001b[33m>\u001b[39m{mockProduct\u001b[33m.\u001b[39mname}\u001b[33m<\u001b[39m\u001b[33m/\u001b[39m\u001b[33mh3\u001b[39m\u001b[33m>\u001b[39m\u001b[22m\n\u001b[2m     \u001b[90m 89 |\u001b[39m         \u001b[33m<\u001b[39m\u001b[33mp\u001b[39m\u001b[33m>\u001b[39m${mockProduct\u001b[33m.\u001b[39mprice}\u001b[33m<\u001b[39m\u001b[33m/\u001b[39m\u001b[33mp\u001b[39m\u001b[33m>\u001b[39m\u001b[0m\u001b[22m\n\u001b[2m\u001b[22m\n\u001b[2m      \u001b[2mat Object.<anonymous> (\u001b[22m\u001b[2m\u001b[0m\u001b[36msrc/__tests__/components.test.js\u001b[39m\u001b[0m\u001b[2m:86:7)\u001b[22m\u001b[2m\u001b[22m\n\n\u001b[1m\u001b[31m  \u001b[1m● \u001b[22m\u001b[1mProductCard Component › should display product price\u001b[39m\u001b[22m\n\n    ReferenceError: React is not defined\n\u001b[2m\u001b[22m\n\u001b[2m    \u001b[0m \u001b[90m  95 |\u001b[39m   it(\u001b[32m'should display product price'\u001b[39m\u001b[33m,\u001b[39m () \u001b[33m=>\u001b[39m {\u001b[22m\n\u001b[2m     \u001b[90m  96 |\u001b[39m     render(\u001b[22m\n\u001b[2m    \u001b[31m\u001b[1m>\u001b[22m\u001b[2m\u001b[39m\u001b[90m  97 |\u001b[39m       \u001b[33m<\u001b[39m\u001b[33mdiv\u001b[39m\u001b[33m>\u001b[39m\u001b[22m\n\u001b[2m     \u001b[90m     |\u001b[39m       \u001b[31m\u001b[1m^\u001b[22m\u001b[2m\u001b[39m\u001b[22m\n\u001b[2m     \u001b[90m  98 |\u001b[39m         \u001b[33m<\u001b[39m\u001b[33mp\u001b[39m\u001b[33m>\u001b[39m${mockProduct\u001b[33m.\u001b[39mprice}\u001b[33m<\u001b[39m\u001b[33m/\u001b[39m\u001b[33mp\u001b[39m\u001b[33m>\u001b[39m\u001b[22m\n\u001b[2m     \u001b[90m  99 |\u001b[39m       \u001b[33m<\u001b[39m\u001b[33m/\u001b[39m\u001b[33mdiv\u001b[39m\u001b[33m>\u001b[39m\u001b[22m\n\u001b[2m     \u001b[90m 100 |\u001b[39m     )\u001b[33m;\u001b[39m\u001b[0m\u001b[22m\n\u001b[2m\u001b[22m\n\u001b[2m      \u001b[2mat Object.<anonymous> (\u001b[22m\u001b[2m\u001b[0m\u001b[36msrc/__tests__/components.test.js\u001b[39m\u001b[0m\u001b[2m:97:7)\u001b[22m\u001b[2m\u001b[22m\n\n\u001b[1m\u001b[31m  \u001b[1m● \u001b[22m\u001b[1mProductCard Component › should display product rating\u001b[39m\u001b[22m\n\n    ReferenceError: React is not defined\n\u001b[2m\u001b[22m\n\u001b[2m    \u001b[0m \u001b[90m 104 |\u001b[39m   it(\u001b[32m'should display product rating'\u001b[39m\u001b[33m,\u001b[39m () \u001b[33m=>\u001b[39m {\u001b[22m\n\u001b[2m     \u001b[90m 105 |\u001b[39m     render(\u001b[22m\n\u001b[2m    \u001b[31m\u001b[1m>\u001b[22m\u001b[2m\u001b[39m\u001b[90m 106 |\u001b[39m       \u001b[33m<\u001b[39m\u001b[33mdiv\u001b[39m\u001b[33m>\u001b[39m\u001b[22m\n\u001b[2m     \u001b[90m     |\u001b[39m       \u001b[31m\u001b[1m^\u001b[22m\u001b[2m\u001b[39
[...]
001b[39m links \u001b[33m=\u001b[39m [\u001b[32m'Privacy'\u001b[39m\u001b[33m,\u001b[39m \u001b[32m'Terms'\u001b[39m\u001b[33m,\u001b[39m \u001b[32m'Contact'\u001b[39m]\u001b[33m;\u001b[39m\u001b[22m\n\u001b[2m     \u001b[90m 172 |\u001b[39m     render(\u001b[22m\n\u001b[2m    \u001b[31m\u001b[1m>\u001b[22m\u001b[2m\u001b[39m\u001b[90m 173 |\u001b[39m       \u001b[33m<\u001b[39m\u001b[33mfooter\u001b[39m\u001b[33m>\u001b[39m\u001b[22m\n\u001b[2m     \u001b[90m     |\u001b[39m       \u001b[31m\u001b[1m^\u001b[22m\u001b[2m\u001b[39m\u001b[22m\n\u001b[2m     \u001b[90m 174 |\u001b[39m         {links\u001b[33m.\u001b[39mmap((link) \u001b[33m=>\u001b[39m (\u001b[22m\n\u001b[2m     \u001b[90m 175 |\u001b[39m           \u001b[33m<\u001b[39m\u001b[33ma\u001b[39m key\u001b[33m=\u001b[39m{link} href\u001b[33m=\u001b[39m\u001b[32m\"#\"\u001b[39m\u001b[33m>\u001b[39m{link}\u001b[33m<\u001b[39m\u001b[33m/\u001b[39m\u001b[33ma\u001b[39m\u001b[33m>\u001b[39m\u001b[22m\n\u001b[2m     \u001b[90m 176 |\u001b[39m         ))}\u001b[0m\u001b[22m\n\u001b[2m\u001b[22m\n\u001b[2m      \u001b[2mat Object.<anonymous> (\u001b[22m\u001b[2m\u001b[0m\u001b[36msrc/__tests__/components.test.js\u001b[39m\u001b[0m\u001b[2m:173:7)\u001b[22m\u001b[2m\u001b[22m\n\n\u001b[1m\u001b[31m  \u001b[1m● \u001b[22m\u001b[1mFooter Component › should display social media links\u001b[39m\u001b[22m\n\n    ReferenceError: React is not defined\n\u001b[2m\u001b[22m\n\u001b[2m    \u001b[0m \u001b[90m 184 |\u001b[39m   it(\u001b[32m'should display social media links'\u001b[39m\u001b[33m,\u001b[39m () \u001b[33m=>\u001b[39m {\u001b[22m\n\u001b[2m     \u001b[90m 185 |\u001b[39m     render(\u001b[22m\n\u001b[2m    \u001b[31m\u001b[1m>\u001b[22m\u001b[2m\u001b[39m\u001b[90m 186 |\u001b[39m       \u001b[33m<\u001b[39m\u001b[33mfooter\u001b[39m\u001b[33m>\u001b[39m\u001b[22m\n\u001b[2m     \u001b[90m     |\u001b[39m       \u001b[31m\u001b[1m^\u001b[22m\u001b[2m\u001b[39m\u001b[22m\n\u001b[2m     \u001b[90m 187 |\u001b[39m         \u001b[33m<\u001b[39m\u001b[33ma\u001b[39m href\u001b[33m=\u001b[39m\u001b[32m\"#\"\u001b[39m\u001b[33m>\u001b[39m\u001b[33mFacebook\u001b[39m\u001b[33m<\u001b[39m\u001b[33m/\u001b[39m\u001b[33ma\u001b[39m\u001b[33m>\u001b[39m\u001b[22m\n\u001b[2m     \u001b[90m 188 |\u001b[39m         \u001b[33m<\u001b[39m\u001b[33ma\u001b[39m href\u001b[33m=\u001b[39m\u001b[32m\"#\"\u001b[39m\u001b[33m>\u001b[39m\u001b[33mTwitter\u001b[39m\u001b[33m<\u001b[39m\u001b[33m/\u001b[39m\u001b[33ma\u001b[39m\u001b[33m>\u001b[39m\u001b[22m\n\u001b[2m     \u001b[90m 189 |\u001b[39m         \u001b[33m<\u001b[39m\u001b[33ma\u001b[39m href\u001b[33m=\u001b[39m\u001b[32m\"#\"\u001b[39m\u001b[33m>\u001b[39m\u001b[33mInstagram\u001b[39m\u001b[33m<\u001b[39m\u001b[33m/\u001b[39m\u001b[33ma\u001b[39m\u001b[33m>\u001b[39m\u001b[0m\u001b[22m\n\u001b[2m\u001b[22m\n\u001b[2m      \u001b[2mat Object.<anonymous> (\u001b[22m\u001b[2m\u001b[0m\u001b[36msrc/__tests__/components.test.js\u001b[39m\u001b[0m\u001b[2m:186:7)\u001b[22m\u001b[2m\u001b[22m\n\n\u001b[1m\u001b[31m  \u001b[1m● \u001b[22m\u001b[1mFooter Component › should display newsletter subscription\u001b[39m\u001b[22m\n\n    ReferenceError: React is not defined\n\u001b[2m\u001b[22m\n\u001b[2m    \u001b[0m \u001b[90m 197 |\u001b[39m   it(\u001b[32m'should display newsletter subscription'\u001b[39m\u001b[33m,\u001b[39m () \u001b[33m=>\u001b[39m {\u001b[22m\n\u001b[2m     \u001b[90m 198 |\u001b[39m     render(\u001b[22m\n\u001b[2m    \u001b[31m\u001b[1m>\u001b[22m\u001b[2m\u001b[39m\u001b[90m 199 |\u001b[39m       \u001b[33m<\u001b[39m\u001b[33mfooter\u001b[39m\u001b[33m>\u001b[39m\u001b[22m\n\u001b[2m     \u001b[90m     |\u001b[39m       \u001b[31m\u001b[1m^\u001b[22m\u001b[2m\u001b[39m\u001b[22m\n\u001b[2m     \u001b[90m 200 |\u001b[39m         \u001b[33m<\u001b[39m\u001b[33minput\u001b[39m type\u001b[33m=\u001b[39m\u001b[32m\"email\"\u001b[39m placeholder\u001b[33m=\u001b[39m\u001b[32m\"Enter your email\"\u001b[39m \u001b[33m/\u001b[39m\u001b[33m>\u001b[39m\u001b[22m\n\u001b[2m     \u001b[90m 201 |\u001b[39m         \u001b[33m<\u001b[39m\u001b[33mbutton\u001b[39m\u001b[33m>\u001b[39m\u001b[33mSubscribe\u001b[39m\u001b[33m<\u001b[39m\u001b[33m/\u001b[39m\u001b[33mbutton\u001b[39m\u001b[33m>\u001b[39m\u001b[22m\n\u001b[2m     \u001b[90m 202 |\u001b[39m       \u001b[33m<\u001b[39m\u001b[33m/\u001b[39m\u001b[33mfooter\u001b[39m\u001b[33m>\u001b[39m\u001b[0m\u001b[22m\n\u001b[2m\u001b[22m\n\u001b[2m      \u001b[2mat Object.<anonymous> (\u001b[22m\u001b[2m\u001b[0m\u001b[36msrc/__tests__/components.test.js\u001b[39m\u001b[0m\u001b[2m:199:7)\u001b[22m\u001b[2m\u001b[22m\n\n\u001b[1m\u001b[31m  \u001b[1m● \u001b[22m\u001b[1mLogin Form › should render login form\u001b[39m\u001b[22m\n\n    ReferenceError: React is not defined\n\u001b[2m\u001b[22m\n\u001b[2m    \u001b[0m \u001b[90m 210 |\u001b[39m   it(\u001b[32m'should render login form'\u001b[39m\u001b[33m,\u001b[39m () \u001b[33m=>\u001b[39m {\u001b[22m\n\u001b[2m     \u001b[90m 211 |\u001b[39m     render(\u001b[22m\n\u001b[2m    \u001b[31m\u001b[1m>\u001b[22m\u001b[2m\u001b[39m\u001b[90m 212 |\u001b[39m       \u001b[33m<\u001b[39m\u001b[33mform\u001b[39m\u001b[33m>\u001b[39m\u001b[22m\n\u001b[2m     \u001b[90m     |\u001b[39m       \u001b[31m\u001b[1m^\u001b[22m\u001b[2m\u001b[39m\u001b[22m\n\u001b[2m     \u001b[90m 213 |\u001b[39m         \u001b[33m<\u001b[39m\u001b[33minput\u001b[39m type\u001b[33m=\u001b[39m\u001b[32m\"email\"\u001b[39m placeholder\u001b[33m=\u001b[39m\u001b[32m\"Email\"\u001b[39m \u001b[33m/\u001b[39m\u001b[33m>\u001b[39m\u001b[22m\n\u001b[2m     \u001b[90m 214 |\u001b[39m         \u001b[33m<\u001b[39m\u001b[33minput\u001b[39m type\u001b[33m=\u001b[39m\u001b[32m\"password\"\u001b[39m placeholder\u001b[33m=\u001b[39m\u001b[32m\"Password\"\u001b[39m \u001b[33m/\u001b[39m\u001b[33m>\u001b[39m\u001b[22m\n\u001b[2m     \u001b[90m 215 |\u001b[39m         \u001b[33m<\u001b[39m\u001b[33mbutton\u001b[39m type\u001b[33m=\u001b[39m\u001b[32m\"submit\"\u001b[39m\u001b[33m>\u001b[39m\u001b[33mLogin\u001b[39m\u001b[33m<\u001b[39m\u001b[33m/\u001b[39m\u001b[33mbutton\u001b[39m\u001b[33m>\u001b[39m\u001b[0m\u001b[22m\n\u001b[2m\u001b[22m\n\u001b[2m      \u001b[2mat Object.<anonymous> (\u001b[22m\u001b[2m\u001b[0m\u001b[36msrc/__tests__/components.test.js\u001b[39m\u001b[0m\u001b[2m:212:7)\u001b[22m\u001b[2m\u001b[22m\n\n\u001b[1m\u001b[31m  \u001b[1m● \u001b[22m\u001b[1mLogin Form › should update email input value\u001b[39m\u001b[22m\n\n    ReferenceError: React is not defined\n\u001b[2m\u001b[22m\n\u001b[2m    \u001b[0m \u001b[90m 222 |\u001b[39m   it(\u001b[32m'should update email input value'\u001b[39m\u001b[33m,\u001b[39m () \u001b[33m=>\u001b[39m {\u001b[22m\n\u001b[2m     \u001b[90m 223 |\u001b[39m     render(\u001b[22m\n\u001b[2m    \u001b[31m\u001b[1m>\u001b[22m\u001b[2m\u001b[39m\u001b[90m 224 |\u001b[39m       \u001b[33m<\u001b[39m\u001b[33minput\u001b[39m type\u001b[33m=\u001b[39m\u001b[32m\"email\"\u001b[39m placeholder\u001b[33m=\u001b[39m\u001b[32m\"Email\"\u001b[39m \u001b[33m/\u001b[39m\u001b[33m>\u001b[39m\u001b[22m\n\u001b[2m     \u001b[90m     |\u001b[39m       \u001b[31m\u001b[1m^\u001b[22m\u001b[2m\u001b[39m\u001b[22m\n\u001b[2m     \u001b[90m 225 |\u001b[39m     )\u001b[33m;\u001b[39m\u001b[22m\n\u001b[2m     \u001b[90m 226 |\u001b[39m     \u001b[36mconst\u001b[39m input \u001b[33m=\u001b[39m screen\u001b[33m.\u001b[39mgetByPlaceholderText(\u001b[32m'Email'\u001b[39m)\u001b[33m;\u001b[39m\u001b[22m\n\u001b[2m     \u001b[90m 227 |\u001b[39m     fireEvent\u001b[33m.\u001b[39mchange(input\u001b[33m,\u001b[39m { target\u001b[33m:\u001b[39m { value\u001b[33m:\u001b[39m \u001b[32m'test@example.com'\u001b[39m } })\u001b[33m;\u001b[39m\u001b[0m\u001b[22m\n\u001b[2m\u001b[22m\n\u001b[2m      \u001b[2mat Object.<anonymous> (\u001b[22m\u001b[2m\u001b[0m\u001b[36msrc/__tests__/components.test.js\u001b[39m\u001b[0m\u001b[2m:224:7)\u001b[22m\u001b[2m\u001b[22m\n\n\u001b[1m\u001b[31m  \u001b[1m● \u001b[22m\u001b[1mLogin Form › should update password input value\u001b[39m\u001b[22m\n\n    ReferenceError: React is not defined\n\u001b[2m\u001b[22m\n\u001b[2m    \u001b[0m \u001b[90m 231 |\u001b[39m   it(\u001b[32m'should update password input value'\u001b[39m\u001b[33m,\u001b[39m () \u001b[33m=>\u001b[39m {\u001b[22m\n\u001b[2m     \u001b[90m 232 |\u001b[39m     render(\u001b[22m\n\u001b[2m    \u001b[31m\u001b[1m>\u001b[22m\u001b[2m\u001b[39m\u001b[90m 233 |\u001b[39m       \u001b[33m<\u001b[39m\u001b[33minput\u001b[39m type\u001b[33m=\u001b[39m\u001b[32m\"password\"\u001b[39m placeholder\u001b[33m=\u001b[39m\u001b[32m\"Password\"\u001b[39m \u001b[33m/\u001b[39m\u001b[33m>\u001b[39m\u001b[22m\n\u001b[2m     \u001b[90m     |\u001b[39m       \u001b[31m\u001b[1m^\u001b[22m\u001b[2m\u001b[39m\u001b[22m\n\u001b[2m     \u001b[90m 234 |\u001b[39m     )\u001b[33m;\u001b[39m\u001b[22m\n\u001b[2m     \u001b[90m 235 |\u001b[39m     \u001b[36mconst\u001b[39m input \u001b[33m=\u001b[39m screen\u001b[33m.\u001b[39mgetByPlaceholderText(\u001b[32m'Password'\u001b[39m)\u001b[33m;\u001b[39m\u001b[22m\n\u001b[2m     \u001b[90m 236 |\u001b[39m     fireEvent\u001b[33m.\u001b[39mchange(input\u001b[33m,\u001b[39m { target\u001b[33m:\u001b[39m { value\u001b[33m:\u001b[39m \u001b[32m'password123'\u001b[39m } })\u001b[33m;\u001b[39m\u001b[0m\u001b[22m\n\u001b[2m\u001b[22m\n\u001b[2m      \u001b[2mat Object.<anonymous> (\u001b[22m\u001b[2m\u001b[0m\u001b[36msrc/__tests__/components.test.js\u001b[39m\u001b[0m\u001b[2m:233:7)\u001b[22m\u001b[2m\u001b[22m\n\n\u001b[1m\u001b[31m  \u001b[1m● \u001b[22m\u001b[1mLogin Form › should submit form with data\u001b[39m\u001b[22m\n\n    ReferenceError: React is not defined\n\u001b[2m\u001b[22m\n\u001b[2m    \u001b[0m \u001b[90m 241 |\u001b[39m     \u001b[36mconst\u001b[39m handleSubmit \u001b[33m=\u001b[39m jest\u001b[33m.\u001b[39mfn()\u001b[33m;\u001b[39m\u001b[22m\n\u001b[2m     \u001b[90m 242 |\u001b[39m     render(\u001b[22m\n\u001b[2m    \u001b[31m\u001b[1m>\u001b[22m\u001b[2m\u001b[39m\u001b[90m 243 |\u001b[39m       \u001b[33m<\u001b[39m\u001b[33mform\u001b[39m onSubmit\u001b[33m=\u001b[39m{handleSubmit}\u001b[33m>\u001b[39m\u001b[22m\n\u001b[2m     \u001b[90m     |\u001b[39m       \u001b[31m\u001b[1m^\u001b[22m\u001b[2m\u001b[39m\u001b[22m\n\u001b[2m     \u001b[90m 244 |\u001b[39m         \u001b[33m<\u001b[39m\u001b[33minput\u001b[39m type\u001b[33m=\u001b[39m\u001b[32m\"email\"\u001b[39m placeholder\u001b[33m=\u001b[39m\u001b[32m\"Email\"\u001b[39m \u001b[33m/\u001b[39m\u001b[33m>\u001b[39m\u001b[22m\n\u001b[2m     \u001b[90m 245 |\u001b[39m         \u001b[33m<\u001b[39m\u001b[33minput\u001b[39m type\u001b[33m=\u001b[39m\u001b[32m\"password\"\u001b[39m placeholder\u001b[33m=\u001b[39m\u001b[32m\"Password\"\u001b[39m \u001b[33m/\u001b[39m\u001b[33m>\u001b[39m\u001b[22m\n\u001b[2m     \u001b[90m 246 |\u001b[39m         \u001b[33m<\u001b[39m\u001b[33mbutton\u001b[39m type\u001b[33m=\u001b[39m\u001b[32m\"submit\"\u001b[39m\u001b[33m>\u001b[39m\u001b[33mLogin\u001b[39m\u001b[33m<\u001b[39m\u001b[33m/\u001b[39m\u001b[33mbutton\u001b[39m\u001b[33m>\u001b[39m\u001b[0m\u001b[22m\n\u001b[2m\u001b[22m\n\u001b[2m      \u001b[2mat Object.<anonymous> (\u001b[22m\u001b[2m\u001b[0m\u001b[36msrc/__tests__/components.test.js\u001b[39m\u001b[0m\u001b[2m:243:7)\u001b[22m\u001b[2m\u001b[22m\n\n\u001b[1m\u001b[31m  \u001b[1m● \u001b[22m\u001b[1mCart Page › should display cart items\u001b[39m\u001b[22m\n\n    ReferenceError: React is not defined\n\u001b[2m\u001b[22m\n\u001b[2m    \u001b[0m \u001b[90m 261 |\u001b[39m     ]\u001b[33m;\u001b[39m\u001b[22m\n\u001b[2m     \u001b[90m 262 |\u001b[39m     render(\u001b[22m\n\u001b[2m    \u001b[31m\u001b[1m>\u001b[22m\u001b[2m\u001b[39m\u001b[90m 263 |\u001b[39m       \u001b[33m<\u001b[39m\u001b[33mdiv\u001b[39m\u001b[33m>\u001b[39m\u001b[22m\n\u001b[2m     \u001b[90m     |\u001b[39m       \u001b[31m\u001b[1m^\u001b[22m\u001b[2m\u001b[39m\u001b[22m\n\u001b[2m     \u001b[90m 264 |\u001b[39m         {cartItems\u001b[33m.\u001b[39mmap((item) \u001b[33m=>\u001b[39m (\u001b[22m\n\u001b[2m     \u001b[90m 265 |\u001b[39m           \u001b[33m<\u001b[39m\u001b[33mdiv\u001b[39m key\u001b[33m=\u001b[39m{item\u001b[33m.\u001b[39mid}\u001b[33m>\u001b[39m\u001b[22m\n\u001b[2m     \u001b[90m 266 |\u001b[39m             \u001b[33m<\u001b[39m\u001b[33mp\u001b[39m\u001b[33m>\u001b[39m{item\u001b[33m.\u001b[39mname}\u001b[33m<\u001b[39m\u001b[33m/\u001b[39m\u001b[33mp\u001b[39m\u001b[33m>\u001b[39m\u001b[0m\u001b[22m\n\u001b[2m\u001b[22m\n\u001b[2m      \u001b[2mat Object.<anonymous> (\u001b[22m\u001b[2m\u001b[0m\u001b[36msrc/__tests__/components.test.js\u001b[39m\u001b[0m\u001b[2m:263:7)\u001b[22m\u001b[2m\u001b[22m\n\n\u001b[1m\u001b[31m  \u001b[1m● \u001b[22m\u001b[1mCart Page › should display total price\u001b[39m\u001b[22m\n\n    ReferenceError: React is not defined\n\u001b[2m\u001b[22m\n\u001b[2m    \u001b[0m \u001b[90m 276 |\u001b[39m   it(\u001b[32m'should display total price'\u001b[39m\u001b[33m,\u001b[39m () \u001b[33m=>\u001b[39m {\u001b[22m\n\u001b[2m     \u001b[90m 277 |\u001b[39m     render(\u001b[22m\n\u001b[2m    \u001b[31m\u001b[1m>\u001b[22m\u001b[2m\u001b[39m\u001b[90m 278 |\u001b[39m       \u001b[33m<\u001b[39m\u001b[33mdiv\u001b[39m\u001b[33m>\u001b[39m\u001b[22m\n\u001b[2m     \u001b[90m     |\u001b[39m       \u001b[31m\u001b[1m^\u001b[22m\u001b[2m\u001b[39m\u001b[22m\n\u001b[2m     \u001b[90m 279 |\u001b[39m         \u001b[33m<\u001b[39m\u001b[33mh3\u001b[39m\u001b[33m>\u001b[39m\u001b[33mTotal\u001b[39m\u001b[33m:\u001b[39m $299\u001b[33m<\u001b[39m\u001b[33m/\u001b[39m\u001b[33mh3\u001b[39m\u001b[33m>\u001b[39m\u001b[22m\n\u001b[2m     \u001b[90m 280 |\u001b[39m       \u001b[33m<\u001b[39m\u001b[33m/\u001b[39m\u001b[33mdiv\u001b[39m\u001b[33m>\u001b[39m\u001b[22m\n\u001b[2m     \u001b[90m 281 |\u001b[39m     )\u001b[33m;\u001b[39m\u001b[0m\u001b[22m\n\u001b[2m\u001b[22m\n\u001b[2m      \u001b[2mat Object.<anonymous> (\u001b[22m\u001b[2m\u001b[0m\u001b[36msrc/__tests__/components.test.js\u001b[39m\u001b[0m\u001b[2m:278:7)\u001b[22m\u001b[2m\u001b[22m\n\n\u001b[1m\u001b[31m  \u001b[1m● \u001b[22m\u001b[1mCart Page › should have checkout button\u001b[39m\u001b[22m\n\n    ReferenceError: React is not defined\n\u001b[2m\u001b[22m\n\u001b[2m    \u001b[0m \u001b[90m 285 |\u001b[39m   it(\u001b[32m'should have checkout button'\u001b[39m\u001b[33m,\u001b[39m () \u001b[33m=>\u001b[39m {\u001b[22m\n\u001b[2m     \u001b[90m 286 |\u001b[39m     render(\u001b[22m\n\u001b[2m    \u001b[31m\u001b[1m>\u001b[22m\u001b[2m\u001b[39m\u001b[90m 287 |\u001b[39m       \u001b[33m<\u001b[39m\u001b[33mbutton\u001b[39m\u001b[33m>\u001b[39m\u001b[33mProceed\u001b[39m to \u001b[33mCheckout\u001b[39m\u001b[33m<\u001b[39m\u001b[33m/\u001b[39m\u001b[33mbutton\u001b[39m\u001b[33m>\u001b[39m\u001b[22m\n\u001b[2m     \u001b[90m     |\u001b[39m       \u001b[31m\u001b[1m^\u001b[22m\u001b[2m\u001b[39m\u001b[22m\n\u001b[2m     \u001b[90m 288 |\u001b[39m     )\u001b[33m;\u001b[39m\u001b[22m\n\u001b[2m     \u001b[90m 289 |\u001b[39m     expect(screen\u001b[33m.\u001b[39mgetByText(\u001b[32m'Proceed to Checkout'\u001b[39m))\u001b[33m.\u001b[39mtoBeInTheDocument()\u001b[33m;\u001b[39m\u001b[22m\n\u001b[2m     \u001b[90m 290 |\u001b[39m   })\u001b[33m;\u001b[39m\u001b[0m\u001b[22m\n\u001b[2m\u001b[22m\n\u001b[2m      \u001b[2mat Object.<anonymous> (\u001b[22m\u001b[2m\u001b[0m\u001b[36msrc/__tests__/components.test.js\u001b[39m\u001b[0m\u001b[2m:287:7)\u001b[22m\u001b[2m\u001b[22m\n\n\u001b[1m\u001b[31m  \u001b[1m● \u001b[22m\u001b[1mCart Page › should have continue shopping button\u001b[39m\u001b[22m\n\n    ReferenceError: React is not defined\n\u001b[2m\u001b[22m\n\u001b[2m    \u001b[0m \u001b[90m 292 |\u001b[39m   it(\u001b[32m'should have continue shopping button'\u001b[39m\u001b[33m,\u001b[39m () \u001b[33m=>\u001b[39m {\u001b[22m\n\u001b[2m     \u001b[90m 293 |\u001b[39m     render(\u001b[22m\n\u001b[2m    \u001b[31m\u001b[1m>\u001b[22m\u001b[2m\u001b[39m\u001b[90m 294 |\u001b[39m       \u001b[33m<\u001b[39m\u001b[33mbutton\u001b[39m\u001b[33m>\u001b[39m\u001b[33mContinue\u001b[39m \u001b[33mShopping\u001b[39m\u001b[33m<\u001b[39m\u001b[33m/\u001b[39m\u001b[33mbutton\u001b[39m\u001b[33m>\u001b[39m\u001b[22m\n\u001b[2m     \u001b[90m     |\u001b[39m       \u001b[31m\u001b[1m^\u001b[22m\u001b[2m\u001b[39m\u001b[22m\n\u001b[2m     \u001b[90m 295 |\u001b[39m     )\u001b[33m;\u001b[39m\u001b[22m\n\u001b[2m     \u001b[90m 296 |\u001b[39m     expect(screen\u001b[33m.\u001b[39mgetByText(\u001b[32m'Continue Shopping'\u001b[39m))\u001b[33m.\u001b[39mtoBeInTheDocument()\u001b[33m;\u001b[39m\u001b[22m\n\u001b[2m     \u001b[90m 297 |\u001b[39m   })\u001b[33m;\u001b[39m\u001b[0m\u001b[22m\n\u001b[2m\u001b[22m\n\u001b[2m      \u001b[2mat Object.<anonymous> (\u001b[22m\u001b[2m\u001b[0m\u001b[36msrc/__tests__/components.test.js\u001b[39m\u001b[0m\u001b[2m:294:7)\u001b[22m\u001b[2m\u001b[22m\n\n\u001b[1m\u001b[31m  \u001b[1m● \u001b[22m\u001b[1mCart Page › should display empty cart message\u001b[39m\u001b[22m\n\n    ReferenceError: React is not defined\n\u001b[2m\u001b[22m\n\u001b[2m    \u001b[0m \u001b[90m 299 |\u001b[39m   it(\u001b[32m'should display empty cart message'\u001b[39m\u001b[33m,\u001b[39m () \u001b[33m=>\u001b[39m {\u001b[22m\n\u001b[2m     \u001b[90m 300 |\u001b[39m     render(\u001b[22m\n\u001b[2m    \u001b[31m\u001b[1m>\u001b[22m\u001b[2m\u001b[39m\u001b[90m 301 |\u001b[39m       \u001b[33m<\u001b[39m\u001b[33mdiv\u001b[39m\u001b[33m>\u001b[39m\u001b[22m\n\u001b[2m     \u001b[90m     |\u001b[39m       \u001b[31m\u001b[1m^\u001b[22m\u001b[2m\u001b[39m\u001b[22m\n\u001b[2m     \u001b[90m 302 |\u001b[39m         \u001b[33m<\u001b[39m\u001b[33mp\u001b[39m\u001b[33m>\u001b[39m\u001b[33mYour\u001b[39m cart is empty\u001b[33m<\u001b[39m\u001b[33m/\u001b[39m\u001b[33mp\u001b[39m\u001b[33m>\u001b[39m\u001b[22m\n\u001b[2m     \u001b[90m 303 |\u001b[39m       \u001b[33m<\u001b[39m\u001b[33m/\u001b[39m\u001b[33mdiv\u001b[39m\u001b[33m>\u001b[39m\u001b[22m\n\u001b[2m     \u001b[90m 304 |\u001b[39m     )\u001b[33m;\u001b[39m\u001b[0m\u001b[22m\n\u001b[2m\u001b[22m\n\u001b[2m      \u001b[2mat Object.<anonymous> (\u001b[22m\u001b[2m\u001b[0m\u001b[36msrc/__tests__/components.test.js\u001b[39m\u001b[0m\u001b[2m:301:7)\u001b[22m\u001b[2m\u001b[22m\n\n\u001b[1m\u001b[31m  \u001b[1m● \u001b[22m\u001b[1mCart Page › should remove item from cart\u001b[39m\u001b[22m\n\n    ReferenceError: React is not defined\n\u001b[2m\u001b[22m\n\u001b[2m    \u001b[0m \u001b[90m 309 |\u001b[39m     \u001b[36mconst\u001b[39m handleRemove \u001b[33m=\u001b[39m jest\u001b[33m.\u001b[39mfn()\u001b[33m;\u001b[39m\u001b[22m\n\u001b[2m     \u001b[90m 310 |\u001b[39m     render(\u001b[22m\n\u001b[2m    \u001b[31m\u001b[1m>\u001b[22m\u001b[2m\u001b[39m\u001b[90m 311 |\u001b[39m       \u001b[33m<\u001b[39m\u001b[33mbutton\u001b[39m onClick\u001b[33m=\u001b[39m{handleRemove}\u001b[33m>\u001b[39m\u001b[33mRemove\u001b[39m\u001b[33m<\u001b[39m\u001b[33m/\u001b[39m\u001b[33mbutton\u001b[39m\u001b[33m>\u001b[39m\u001b[22m\n\u001b[2m     \u001b[90m     |\u001b[39m       \u001b[31m\u001b[1m^\u001b[22m\u001b[2m\u001b[39m\u001b[22m\n\u001b[2m     \u001b[90m 312 |\u001b[39m     )\u001b[33m;\u001b[39m\u001b[22m\n\u001b[2m     \u001b[90m 313 |\u001b[39m     \u001b[36mconst\u001b[39m button \u001b[33m=\u001b[39m screen\u001b[33m.\u001b[39mgetByText(\u001b[32m'Remove'\u001b[39m)\u001b[33m;\u001b[39m\u001b[22m\n\u001b[2m     \u001b[90m 314 |\u001b[39m     fireEvent\u001b[33m.\u001b[39mclick(button)\u001b[33m;\u001b[39m\u001b[0m\u001b[22m\n\u001b[2m\u001b[22m\n\u001b[2m      \u001b[2mat Object.<anonymous> (\u001b[22m\u001b[2m\u001b[0m\u001b[36msrc/__tests__/components.test.js\u001b[39m\u001b[0m\u001b[2m:311:7)\u001b[22m\u001b[2m\u001b[22m\n","name":"E:\\MERN_full_project\\ECommerceWebsite\\2\\mern-ecommerce\\frontend\\src\\__tests__\\components.test.js","startTime":1778611697290,"status":"failed","summary":""}],"wasInterrupted":false}